2022-03-14 03:14:04,895 | INFO : Experiment resnet110_cifar10_demo starts at 2022-03-14T03:14:04.136283.
2022-03-14 03:14:04,895 | INFO : Parsed setting file from /content/drive/MyDrive/lottery_regulated_grouped_kernel_pruning/settings/resnet110_cifar10_reported.json...
2022-03-14 03:14:04,924 | INFO : ==> Preparing dataset: cifar10
2022-03-14 03:14:07,204 | INFO : ==> Building baseline model: /content/drive/MyDrive/lottery_regulated_grouped_kernel_pruning/baseline/resnet110_cifar10_baseline (dataset: cifar10)
2022-03-14 03:14:11,873 | INFO : Model /content/drive/MyDrive/lottery_regulated_grouped_kernel_pruning/baseline/resnet110_cifar10_baseline loaded (<class 'models.resnet.CifarResNet'>)
2022-03-14 03:14:14,962 | INFO : Model /content/drive/MyDrive/lottery_regulated_grouped_kernel_pruning/baseline/resnet110_cifar10_baseline <class 'models.resnet.CifarResNet'> has a baseline of 94.26.
2022-03-14 03:14:15,012 | INFO : pruning_strategy: greedy (tickets magnitute increase); n_clusters: 8; eval_pruned_kernel_relationship: True; cost_balancer: auto; eval_kept_kernel_ratio: 0.2
2022-03-14 03:15:44,716 | INFO : Layer 2-0-0; Shape (16, 16, 3, 3) -> (16, 144); Method: Spectral; Occurrence: ({'Spectral': 33, 'K-PCA': 3});	Sequence: {'Spectral': 30, 'K-PCA': 2});
2022-03-14 03:17:12,986 | INFO : Layer 2-0-2; Shape (16, 16, 3, 3) -> (16, 144); Method: K-PCA; Occurrence: ({'K-PCA': 25, 'DBSCAN': 9, 'Spectral': 2});	Sequence: {'K-PCA': 6, 'DBSCAN': 1, 'Spectral': 1});
2022-03-14 03:18:44,116 | INFO : Layer 2-1-0; Shape (16, 16, 3, 3) -> (16, 144); Method: K-PCA; Occurrence: ({'K-PCA': 25, 'Spectral': 10, 'DBSCAN': 1});	Sequence: {'K-PCA': 7, 'Spectral': 2});
2022-03-14 03:20:16,730 | INFO : Layer 2-1-2; Shape (16, 16, 3, 3) -> (16, 144); Method: K-PCA; Occurrence: ({'K-PCA': 28, 'Spectral': 8});	Sequence: {'Spectral': 6, 'K-PCA': 26});
2022-03-14 03:21:44,150 | INFO : Layer 2-2-0; Shape (16, 16, 3, 3) -> (16, 144); Method: Spectral; Occurrence: ({'Spectral': 36});	Sequence: {'Spectral': 35});
2022-03-14 03:23:14,989 | INFO : Layer 2-2-2; Shape (16, 16, 3, 3) -> (16, 144); Method: K-PCA; Occurrence: ({'K-PCA': 23, 'DBSCAN': 13});	Sequence: {'K-PCA': 10, 'DBSCAN': 4});
2022-03-14 03:24:41,295 | INFO : Layer 2-3-0; Shape (16, 16, 3, 3) -> (16, 144); Method: Spectral; Occurrence: ({'Spectral': 36});	Sequence: {'Spectral': 35});
2022-03-14 03:26:11,992 | INFO : Layer 2-3-2; Shape (16, 16, 3, 3) -> (16, 144); Method: Spectral; Occurrence: ({'Spectral': 23, 'DBSCAN': 13});	Sequence: {'Spectral': 8, 'DBSCAN': 8});
2022-03-14 03:27:40,316 | INFO : Layer 2-4-0; Shape (16, 16, 3, 3) -> (16, 144); Method: Spectral; Occurrence: ({'Spectral': 19, 'K-PCA': 17});	Sequence: {'Spectral': 9, 'K-PCA': 7});
2022-03-14 03:29:09,832 | INFO : Layer 2-4-2; Shape (16, 16, 3, 3) -> (16, 144); Method: DBSCAN; Occurrence: ({'DBSCAN': 30, 'Spectral': 3, 'K-PCA': 3});	Sequence: {'Spectral': 1, 'DBSCAN': 16});
2022-03-14 03:30:37,879 | INFO : Layer 2-5-0; Shape (16, 16, 3, 3) -> (16, 144); Method: DBSCAN; Occurrence: ({'DBSCAN': 19, 'K-PCA': 16, 'Spectral': 1});	Sequence: {'DBSCAN': 7, 'K-PCA': 7});
2022-03-14 03:32:05,156 | INFO : Layer 2-5-2; Shape (16, 16, 3, 3) -> (16, 144); Method: K-PCA; Occurrence: ({'K-PCA': 16, 'Spectral': 14, 'DBSCAN': 6});	Sequence: {'K-PCA': 4, 'DBSCAN': 2, 'Spectral': 8});
2022-03-14 03:33:33,266 | INFO : Layer 2-6-0; Shape (16, 16, 3, 3) -> (16, 144); Method: K-PCA; Occurrence: ({'K-PCA': 20, 'Spectral': 14, 'DBSCAN': 2});	Sequence: {'Spectral': 3, 'K-PCA': 5});
2022-03-14 03:35:06,835 | INFO : Layer 2-6-2; Shape (16, 16, 3, 3) -> (16, 144); Method: Spectral; Occurrence: ({'Spectral': 33, 'DBSCAN': 2, 'K-PCA': 1});	Sequence: {'Spectral': 22});
2022-03-14 03:36:38,120 | INFO : Layer 2-7-0; Shape (16, 16, 3, 3) -> (16, 144); Method: Spectral; Occurrence: ({'Spectral': 20, 'K-PCA': 16});	Sequence: {'Spectral': 13, 'K-PCA': 10});
2022-03-14 03:38:07,608 | INFO : Layer 2-7-2; Shape (16, 16, 3, 3) -> (16, 144); Method: K-PCA; Occurrence: ({'K-PCA': 27, 'Spectral': 7, 'DBSCAN': 2});	Sequence: {'K-PCA': 10, 'Spectral': 1});
2022-03-14 03:39:41,392 | INFO : Layer 2-8-0; Shape (16, 16, 3, 3) -> (16, 144); Method: Spectral; Occurrence: ({'Spectral': 28, 'K-PCA': 7, 'DBSCAN': 1});	Sequence: {'Spectral': 10, 'K-PCA': 1});
2022-03-14 03:41:15,478 | INFO : Layer 2-8-2; Shape (16, 16, 3, 3) -> (16, 144); Method: K-PCA; Occurrence: ({'K-PCA': 24, 'DBSCAN': 12});	Sequence: {'K-PCA': 8, 'DBSCAN': 3});
2022-03-14 03:42:51,915 | INFO : Layer 2-9-0; Shape (16, 16, 3, 3) -> (16, 144); Method: K-PCA; Occurrence: ({'K-PCA': 24, 'Spectral': 9, 'DBSCAN': 3});	Sequence: {'K-PCA': 10, 'DBSCAN': 1, 'Spectral': 1});
2022-03-14 03:44:23,696 | INFO : Layer 2-9-2; Shape (16, 16, 3, 3) -> (16, 144); Method: DBSCAN; Occurrence: ({'DBSCAN': 24, 'K-PCA': 6, 'Spectral': 6});	Sequence: {'DBSCAN': 8, 'Spectral': 2, 'K-PCA': 2});
2022-03-14 03:45:55,456 | INFO : Layer 2-10-0; Shape (16, 16, 3, 3) -> (16, 144); Method: K-PCA; Occurrence: ({'K-PCA': 35, 'DBSCAN': 1});	Sequence: {'K-PCA': 34});
2022-03-14 03:47:26,025 | INFO : Layer 2-10-2; Shape (16, 16, 3, 3) -> (16, 144); Method: Spectral; Occurrence: ({'Spectral': 16, 'K-PCA': 12, 'DBSCAN': 8});	Sequence: {'K-PCA': 4, 'DBSCAN': 1, 'Spectral': 6});
2022-03-14 03:48:54,717 | INFO : Layer 2-11-0; Shape (16, 16, 3, 3) -> (16, 144); Method: K-PCA; Occurrence: ({'K-PCA': 20, 'DBSCAN': 12, 'Spectral': 4});	Sequence: {'DBSCAN': 2, 'K-PCA': 12});
2022-03-14 03:50:16,585 | INFO : Layer 2-11-2; Shape (16, 16, 3, 3) -> (16, 144); Method: K-PCA; Occurrence: ({'K-PCA': 25, 'DBSCAN': 6, 'Spectral': 5});	Sequence: {'Spectral': 1, 'K-PCA': 11});
2022-03-14 03:51:40,261 | INFO : Layer 2-12-0; Shape (16, 16, 3, 3) -> (16, 144); Method: K-PCA; Occurrence: ({'K-PCA': 20, 'DBSCAN': 16});	Sequence: {'DBSCAN': 5, 'K-PCA': 11});
2022-03-14 03:53:09,057 | INFO : Layer 2-12-2; Shape (16, 16, 3, 3) -> (16, 144); Method: K-PCA; Occurrence: ({'K-PCA': 15, 'DBSCAN': 13, 'Spectral': 8});	Sequence: {'K-PCA': 9, 'DBSCAN': 5, 'Spectral': 3});
2022-03-14 03:55:05,942 | INFO : Layer 2-13-0; Shape (16, 16, 3, 3) -> (16, 144); Method: Spectral; Occurrence: ({'Spectral': 26, 'DBSCAN': 10});	Sequence: {'DBSCAN': 3, 'Spectral': 13});
2022-03-14 03:56:32,823 | INFO : Layer 2-13-2; Shape (16, 16, 3, 3) -> (16, 144); Method: DBSCAN; Occurrence: ({'DBSCAN': 18, 'K-PCA': 11, 'Spectral': 7});	Sequence: {'Spectral': 3, 'DBSCAN': 5, 'K-PCA': 4});
2022-03-14 03:58:15,713 | INFO : Layer 2-14-0; Shape (16, 16, 3, 3) -> (16, 144); Method: DBSCAN; Occurrence: ({'DBSCAN': 18, 'K-PCA': 10, 'Spectral': 8});	Sequence: {'Spectral': 3, 'DBSCAN': 4, 'K-PCA': 3});
2022-03-14 03:59:47,438 | INFO : Layer 2-14-2; Shape (16, 16, 3, 3) -> (16, 144); Method: K-PCA; Occurrence: ({'K-PCA': 23, 'Spectral': 9, 'DBSCAN': 4});	Sequence: {'Spectral': 2, 'DBSCAN': 1, 'K-PCA': 16});
2022-03-14 04:01:17,643 | INFO : Layer 2-15-0; Shape (16, 16, 3, 3) -> (16, 144); Method: K-PCA; Occurrence: ({'K-PCA': 27, 'DBSCAN': 5, 'Spectral': 4});	Sequence: {'DBSCAN': 1, 'K-PCA': 19, 'Spectral': 2});
2022-03-14 04:02:47,515 | INFO : Layer 2-15-2; Shape (16, 16, 3, 3) -> (16, 144); Method: K-PCA; Occurrence: ({'DBSCAN': 18, 'K-PCA': 18});	Sequence: {'DBSCAN': 7, 'K-PCA': 11});
2022-03-14 04:04:07,883 | INFO : Layer 2-16-0; Shape (16, 16, 3, 3) -> (16, 144); Method: DBSCAN; Occurrence: ({'DBSCAN': 22, 'K-PCA': 11, 'Spectral': 3});	Sequence: {'DBSCAN': 19, 'K-PCA': 7});
2022-03-14 04:05:37,494 | INFO : Layer 2-16-2; Shape (16, 16, 3, 3) -> (16, 144); Method: Spectral; Occurrence: ({'Spectral': 19, 'K-PCA': 11, 'DBSCAN': 6});	Sequence: {'DBSCAN': 2, 'Spectral': 9, 'K-PCA': 4});
2022-03-14 04:07:08,833 | INFO : Layer 2-17-0; Shape (16, 16, 3, 3) -> (16, 144); Method: K-PCA; Occurrence: ({'K-PCA': 16, 'Spectral': 11, 'DBSCAN': 9});	Sequence: {'Spectral': 4, 'DBSCAN': 4, 'K-PCA': 4});
2022-03-14 04:08:39,719 | INFO : Layer 2-17-2; Shape (16, 16, 3, 3) -> (16, 144); Method: K-PCA; Occurrence: ({'K-PCA': 27, 'Spectral': 7, 'DBSCAN': 2});	Sequence: {'K-PCA': 15, 'Spectral': 5});
2022-03-14 04:10:51,064 | INFO : Layer 3-0-0; Shape (32, 16, 3, 3) -> (32, 144); Method: Spectral; Occurrence: ({'Spectral': 15, 'DBSCAN': 15, 'K-PCA': 6});	Sequence: {'K-PCA': 2, 'Spectral': 6, 'DBSCAN': 4});
2022-03-14 04:13:52,332 | INFO : Layer 3-0-2; Shape (32, 32, 3, 3) -> (32, 288); Method: Spectral; Occurrence: ({'Spectral': 20, 'K-PCA': 10, 'DBSCAN': 6});	Sequence: {'Spectral': 8, 'DBSCAN': 2, 'K-PCA': 3});
2022-03-14 04:16:47,866 | INFO : Layer 3-1-0; Shape (32, 32, 3, 3) -> (32, 288); Method: K-PCA; Occurrence: ({'K-PCA': 33, 'Spectral': 3});	Sequence: {'K-PCA': 24, 'Spectral': 1});
2022-03-14 04:19:02,055 | INFO : Layer 3-1-2; Shape (32, 32, 3, 3) -> (32, 288); Method: Spectral; Occurrence: ({'Spectral': 16, 'K-PCA': 13, 'DBSCAN': 7});	Sequence: {'DBSCAN': 4, 'Spectral': 3, 'K-PCA': 5});
2022-03-14 04:21:40,641 | INFO : Layer 3-2-0; Shape (32, 32, 3, 3) -> (32, 288); Method: K-PCA; Occurrence: ({'K-PCA': 25, 'Spectral': 9, 'DBSCAN': 2});	Sequence: {'Spectral': 6, 'K-PCA': 6});
2022-03-14 04:23:55,818 | INFO : Layer 3-2-2; Shape (32, 32, 3, 3) -> (32, 288); Method: Spectral; Occurrence: ({'Spectral': 26, 'K-PCA': 8, 'DBSCAN': 2});	Sequence: {'K-PCA': 1, 'Spectral': 13, 'DBSCAN': 1});
2022-03-14 04:26:48,019 | INFO : Layer 3-3-0; Shape (32, 32, 3, 3) -> (32, 288); Method: Spectral; Occurrence: ({'Spectral': 29, 'DBSCAN': 6, 'K-PCA': 1});	Sequence: {'Spectral': 11, 'DBSCAN': 1});
2022-03-14 04:29:00,971 | INFO : Layer 3-3-2; Shape (32, 32, 3, 3) -> (32, 288); Method: Spectral; Occurrence: ({'Spectral': 28, 'K-PCA': 7, 'DBSCAN': 1});	Sequence: {'K-PCA': 2, 'Spectral': 13});
2022-03-14 04:31:10,116 | INFO : Layer 3-4-0; Shape (32, 32, 3, 3) -> (32, 288); Method: Spectral; Occurrence: ({'Spectral': 26, 'DBSCAN': 8, 'K-PCA': 2});	Sequence: {'DBSCAN': 6, 'Spectral': 20, 'K-PCA': 1});
2022-03-14 04:33:24,393 | INFO : Layer 3-4-2; Shape (32, 32, 3, 3) -> (32, 288); Method: K-PCA; Occurrence: ({'K-PCA': 28, 'Spectral': 8});	Sequence: {'K-PCA': 11, 'Spectral': 2});
2022-03-14 04:35:37,685 | INFO : Layer 3-5-0; Shape (32, 32, 3, 3) -> (32, 288); Method: Spectral; Occurrence: ({'Spectral': 32, 'K-PCA': 2, 'DBSCAN': 2});	Sequence: {'Spectral': 20, 'K-PCA': 1, 'DBSCAN': 1});
2022-03-14 04:38:16,373 | INFO : Layer 3-5-2; Shape (32, 32, 3, 3) -> (32, 288); Method: K-PCA; Occurrence: ({'K-PCA': 16, 'Spectral': 12, 'DBSCAN': 8});	Sequence: {'Spectral': 2, 'K-PCA': 4, 'DBSCAN': 2});
2022-03-14 04:42:17,047 | INFO : Layer 3-6-0; Shape (32, 32, 3, 3) -> (32, 288); Method: DBSCAN; Occurrence: ({'DBSCAN': 22, 'Spectral': 14});	Sequence: {'DBSCAN': 10, 'Spectral': 6});
2022-03-14 04:44:31,229 | INFO : Layer 3-6-2; Shape (32, 32, 3, 3) -> (32, 288); Method: K-PCA; Occurrence: ({'K-PCA': 20, 'Spectral': 12, 'DBSCAN': 4});	Sequence: {'Spectral': 2, 'K-PCA': 4, 'DBSCAN': 1});
2022-03-14 04:47:28,240 | INFO : Layer 3-7-0; Shape (32, 32, 3, 3) -> (32, 288); Method: DBSCAN; Occurrence: ({'DBSCAN': 28, 'K-PCA': 7, 'Spectral': 1});	Sequence: {'DBSCAN': 7, 'K-PCA': 1});
2022-03-14 04:50:03,766 | INFO : Layer 3-7-2; Shape (32, 32, 3, 3) -> (32, 288); Method: Spectral; Occurrence: ({'Spectral': 18, 'K-PCA': 16, 'DBSCAN': 2});	Sequence: {'DBSCAN': 1, 'K-PCA': 5, 'Spectral': 7});
2022-03-14 04:52:17,369 | INFO : Layer 3-8-0; Shape (32, 32, 3, 3) -> (32, 288); Method: K-PCA; Occurrence: ({'K-PCA': 29, 'DBSCAN': 4, 'Spectral': 3});	Sequence: {'K-PCA': 8, 'DBSCAN': 1, 'Spectral': 1});
2022-03-14 04:54:47,648 | INFO : Layer 3-8-2; Shape (32, 32, 3, 3) -> (32, 288); Method: Spectral; Occurrence: ({'Spectral': 19, 'K-PCA': 9, 'DBSCAN': 8});	Sequence: {'DBSCAN': 2, 'Spectral': 12, 'K-PCA': 3});
2022-03-14 04:57:01,046 | INFO : Layer 3-9-0; Shape (32, 32, 3, 3) -> (32, 288); Method: DBSCAN; Occurrence: ({'DBSCAN': 21, 'Spectral': 12, 'K-PCA': 3});	Sequence: {'DBSCAN': 9, 'Spectral': 4});
2022-03-14 04:59:11,225 | INFO : Layer 3-9-2; Shape (32, 32, 3, 3) -> (32, 288); Method: K-PCA; Occurrence: ({'K-PCA': 17, 'DBSCAN': 15, 'Spectral': 4});	Sequence: {'DBSCAN': 7, 'Spectral': 1, 'K-PCA': 8});
2022-03-14 05:01:48,655 | INFO : Layer 3-10-0; Shape (32, 32, 3, 3) -> (32, 288); Method: K-PCA; Occurrence: ({'K-PCA': 22, 'DBSCAN': 10, 'Spectral': 4});	Sequence: {'DBSCAN': 4, 'Spectral': 1, 'K-PCA': 9});
2022-03-14 05:04:28,230 | INFO : Layer 3-10-2; Shape (32, 32, 3, 3) -> (32, 288); Method: K-PCA; Occurrence: ({'K-PCA': 15, 'Spectral': 13, 'DBSCAN': 8});	Sequence: {'K-PCA': 4, 'Spectral': 5, 'DBSCAN': 5});
2022-03-14 05:06:39,153 | INFO : Layer 3-11-0; Shape (32, 32, 3, 3) -> (32, 288); Method: K-PCA; Occurrence: ({'K-PCA': 22, 'Spectral': 13, 'DBSCAN': 1});	Sequence: {'K-PCA': 10, 'Spectral': 6});
2022-03-14 05:09:09,861 | INFO : Layer 3-11-2; Shape (32, 32, 3, 3) -> (32, 288); Method: K-PCA; Occurrence: ({'K-PCA': 24, 'Spectral': 7, 'DBSCAN': 5});	Sequence: {'K-PCA': 15, 'DBSCAN': 2, 'Spectral': 5});
2022-03-14 05:12:22,890 | INFO : Layer 3-12-0; Shape (32, 32, 3, 3) -> (32, 288); Method: DBSCAN; Occurrence: ({'DBSCAN': 17, 'K-PCA': 16, 'Spectral': 3});	Sequence: {'DBSCAN': 5, 'Spectral': 1, 'K-PCA': 4});
2022-03-14 05:14:54,413 | INFO : Layer 3-12-2; Shape (32, 32, 3, 3) -> (32, 288); Method: Spectral; Occurrence: ({'Spectral': 19, 'K-PCA': 14, 'DBSCAN': 3});	Sequence: {'Spectral': 5, 'K-PCA': 2, 'DBSCAN': 1});
2022-03-14 05:17:32,063 | INFO : Layer 3-13-0; Shape (32, 32, 3, 3) -> (32, 288); Method: DBSCAN; Occurrence: ({'DBSCAN': 24, 'Spectral': 7, 'K-PCA': 5});	Sequence: {'DBSCAN': 13, 'Spectral': 5, 'K-PCA': 1});
2022-03-14 05:19:46,776 | INFO : Layer 3-13-2; Shape (32, 32, 3, 3) -> (32, 288); Method: Spectral; Occurrence: ({'Spectral': 13, 'DBSCAN': 12, 'K-PCA': 11});	Sequence: {'DBSCAN': 3, 'K-PCA': 1, 'Spectral': 2});
2022-03-14 05:21:56,661 | INFO : Layer 3-14-0; Shape (32, 32, 3, 3) -> (32, 288); Method: K-PCA; Occurrence: ({'K-PCA': 32, 'DBSCAN': 3, 'Spectral': 1});	Sequence: {'K-PCA': 16});
2022-03-14 05:24:10,690 | INFO : Layer 3-14-2; Shape (32, 32, 3, 3) -> (32, 288); Method: Spectral; Occurrence: ({'Spectral': 22, 'DBSCAN': 12, 'K-PCA': 2});	Sequence: {'Spectral': 14, 'DBSCAN': 7, 'K-PCA': 1});
2022-03-14 05:26:24,771 | INFO : Layer 3-15-0; Shape (32, 32, 3, 3) -> (32, 288); Method: K-PCA; Occurrence: ({'K-PCA': 21, 'Spectral': 8, 'DBSCAN': 7});	Sequence: {'K-PCA': 10, 'DBSCAN': 1, 'Spectral': 2});
2022-03-14 05:28:35,866 | INFO : Layer 3-15-2; Shape (32, 32, 3, 3) -> (32, 288); Method: K-PCA; Occurrence: ({'K-PCA': 20, 'Spectral': 10, 'DBSCAN': 6});	Sequence: {'K-PCA': 8, 'Spectral': 4, 'DBSCAN': 2});
2022-03-14 05:30:52,477 | INFO : Layer 3-16-0; Shape (32, 32, 3, 3) -> (32, 288); Method: K-PCA; Occurrence: ({'K-PCA': 35, 'Spectral': 1});	Sequence: {'K-PCA': 33});
2022-03-14 05:33:29,439 | INFO : Layer 3-16-2; Shape (32, 32, 3, 3) -> (32, 288); Method: DBSCAN; Occurrence: ({'DBSCAN': 25, 'Spectral': 6, 'K-PCA': 5});	Sequence: {'Spectral': 1, 'DBSCAN': 10, 'K-PCA': 1});
2022-03-14 05:36:18,287 | INFO : Layer 3-17-0; Shape (32, 32, 3, 3) -> (32, 288); Method: K-PCA; Occurrence: ({'K-PCA': 26, 'Spectral': 10});	Sequence: {'K-PCA': 10, 'Spectral': 1});
2022-03-14 05:39:41,812 | INFO : Layer 3-17-2; Shape (32, 32, 3, 3) -> (32, 288); Method: K-PCA; Occurrence: ({'K-PCA': 22, 'Spectral': 14});	Sequence: {'Spectral': 3, 'K-PCA': 19});
2022-03-14 05:43:56,656 | INFO : Layer 4-0-0; Shape (64, 32, 3, 3) -> (64, 288); Method: Spectral; Occurrence: ({'Spectral': 18, 'K-PCA': 17, 'DBSCAN': 1});	Sequence: {'K-PCA': 4, 'Spectral': 8});
2022-03-14 05:48:56,268 | INFO : Layer 4-0-2; Shape (64, 64, 3, 3) -> (64, 576); Method: K-PCA; Occurrence: ({'K-PCA': 26, 'DBSCAN': 8, 'Spectral': 2});	Sequence: {'K-PCA': 19, 'DBSCAN': 3});
2022-03-14 05:53:07,166 | INFO : Layer 4-1-0; Shape (64, 64, 3, 3) -> (64, 576); Method: K-PCA; Occurrence: ({'K-PCA': 18, 'Spectral': 15, 'DBSCAN': 3});	Sequence: {'Spectral': 4, 'K-PCA': 11, 'DBSCAN': 1});
2022-03-14 05:58:22,960 | INFO : Layer 4-1-2; Shape (64, 64, 3, 3) -> (64, 576); Method: K-PCA; Occurrence: ({'K-PCA': 32, 'DBSCAN': 4});	Sequence: {'DBSCAN': 1, 'K-PCA': 29});
2022-03-14 06:02:32,945 | INFO : Layer 4-2-0; Shape (64, 64, 3, 3) -> (64, 576); Method: K-PCA; Occurrence: ({'K-PCA': 30, 'Spectral': 3, 'DBSCAN': 3});	Sequence: {'Spectral': 2, 'K-PCA': 20});
2022-03-14 06:06:41,412 | INFO : Layer 4-2-2; Shape (64, 64, 3, 3) -> (64, 576); Method: K-PCA; Occurrence: ({'K-PCA': 22, 'DBSCAN': 14});	Sequence: {'DBSCAN': 13, 'K-PCA': 21});
2022-03-14 06:11:41,746 | INFO : Layer 4-3-0; Shape (64, 64, 3, 3) -> (64, 576); Method: Spectral; Occurrence: ({'Spectral': 22, 'K-PCA': 9, 'DBSCAN': 5});	Sequence: {'DBSCAN': 1, 'K-PCA': 2, 'Spectral': 9});
2022-03-14 06:18:48,678 | INFO : Layer 4-3-2; Shape (64, 64, 3, 3) -> (64, 576); Method: K-PCA; Occurrence: ({'K-PCA': 28, 'DBSCAN': 6, 'Spectral': 2});	Sequence: {'K-PCA': 15, 'DBSCAN': 3});
2022-03-14 06:23:01,557 | INFO : Layer 4-4-0; Shape (64, 64, 3, 3) -> (64, 576); Method: Spectral; Occurrence: ({'Spectral': 28, 'K-PCA': 8});	Sequence: {'Spectral': 8, 'K-PCA': 3});
2022-03-14 06:27:12,952 | INFO : Layer 4-4-2; Shape (64, 64, 3, 3) -> (64, 576); Method: K-PCA; Occurrence: ({'K-PCA': 31, 'Spectral': 3, 'DBSCAN': 2});	Sequence: {'K-PCA': 17, 'Spectral': 2});
2022-03-14 06:31:20,310 | INFO : Layer 4-5-0; Shape (64, 64, 3, 3) -> (64, 576); Method: DBSCAN; Occurrence: ({'DBSCAN': 26, 'Spectral': 6, 'K-PCA': 4});	Sequence: {'DBSCAN': 16, 'Spectral': 2, 'K-PCA': 3});
2022-03-14 06:35:23,055 | INFO : Layer 4-5-2; Shape (64, 64, 3, 3) -> (64, 576); Method: Spectral; Occurrence: ({'Spectral': 20, 'K-PCA': 16});	Sequence: {'Spectral': 15, 'K-PCA': 5});
2022-03-14 06:40:23,769 | INFO : Layer 4-6-0; Shape (64, 64, 3, 3) -> (64, 576); Method: K-PCA; Occurrence: ({'K-PCA': 22, 'DBSCAN': 11, 'Spectral': 3});	Sequence: {'DBSCAN': 2, 'Spectral': 1, 'K-PCA': 5});
2022-03-14 06:44:45,640 | INFO : Layer 4-6-2; Shape (64, 64, 3, 3) -> (64, 576); Method: DBSCAN; Occurrence: ({'DBSCAN': 25, 'K-PCA': 7, 'Spectral': 4});	Sequence: {'DBSCAN': 12, 'Spectral': 1, 'K-PCA': 3});
2022-03-14 06:48:59,961 | INFO : Layer 4-7-0; Shape (64, 64, 3, 3) -> (64, 576); Method: DBSCAN; Occurrence: ({'DBSCAN': 21, 'K-PCA': 8, 'Spectral': 7});	Sequence: {'DBSCAN': 6, 'Spectral': 1, 'K-PCA': 4});
2022-03-14 06:53:06,739 | INFO : Layer 4-7-2; Shape (64, 64, 3, 3) -> (64, 576); Method: K-PCA; Occurrence: ({'K-PCA': 28, 'Spectral': 8});	Sequence: {'K-PCA': 8, 'Spectral': 2});
2022-03-14 06:58:04,133 | INFO : Layer 4-8-0; Shape (64, 64, 3, 3) -> (64, 576); Method: DBSCAN; Occurrence: ({'DBSCAN': 34, 'Spectral': 2});	Sequence: {'DBSCAN': 30, 'Spectral': 1});
2022-03-14 07:02:14,598 | INFO : Layer 4-8-2; Shape (64, 64, 3, 3) -> (64, 576); Method: Spectral; Occurrence: ({'Spectral': 18, 'DBSCAN': 13, 'K-PCA': 5});	Sequence: {'Spectral': 6, 'DBSCAN': 5, 'K-PCA': 1});
2022-03-14 07:07:16,473 | INFO : Layer 4-9-0; Shape (64, 64, 3, 3) -> (64, 576); Method: K-PCA; Occurrence: ({'K-PCA': 28, 'DBSCAN': 8});	Sequence: {'K-PCA': 26, 'DBSCAN': 5});
2022-03-14 07:11:21,882 | INFO : Layer 4-9-2; Shape (64, 64, 3, 3) -> (64, 576); Method: DBSCAN; Occurrence: ({'DBSCAN': 19, 'Spectral': 13, 'K-PCA': 4});	Sequence: {'DBSCAN': 4, 'K-PCA': 2, 'Spectral': 7});
2022-03-14 07:15:32,779 | INFO : Layer 4-10-0; Shape (64, 64, 3, 3) -> (64, 576); Method: K-PCA; Occurrence: ({'K-PCA': 23, 'DBSCAN': 12, 'Spectral': 1});	Sequence: {'K-PCA': 9, 'DBSCAN': 4});
2022-03-14 07:20:49,857 | INFO : Layer 4-10-2; Shape (64, 64, 3, 3) -> (64, 576); Method: K-PCA; Occurrence: ({'K-PCA': 27, 'DBSCAN': 6, 'Spectral': 3});	Sequence: {'K-PCA': 18, 'DBSCAN': 3, 'Spectral': 1});
2022-03-14 07:25:46,958 | INFO : Layer 4-11-0; Shape (64, 64, 3, 3) -> (64, 576); Method: K-PCA; Occurrence: ({'K-PCA': 19, 'DBSCAN': 17});	Sequence: {'DBSCAN': 4, 'K-PCA': 8});
2022-03-14 07:29:58,665 | INFO : Layer 4-11-2; Shape (64, 64, 3, 3) -> (64, 576); Method: Spectral; Occurrence: ({'Spectral': 16, 'DBSCAN': 13, 'K-PCA': 7});	Sequence: {'DBSCAN': 7, 'K-PCA': 2, 'Spectral': 6});
2022-03-14 07:34:14,209 | INFO : Layer 4-12-0; Shape (64, 64, 3, 3) -> (64, 576); Method: Spectral; Occurrence: ({'Spectral': 19, 'K-PCA': 9, 'DBSCAN': 8});	Sequence: {'DBSCAN': 2, 'Spectral': 7, 'K-PCA': 2});
2022-03-14 07:40:07,418 | INFO : Layer 4-12-2; Shape (64, 64, 3, 3) -> (64, 576); Method: Spectral; Occurrence: ({'Spectral': 19, 'DBSCAN': 14, 'K-PCA': 3});	Sequence: {'DBSCAN': 3, 'Spectral': 7, 'K-PCA': 1});
2022-03-14 07:45:12,525 | INFO : Layer 4-13-0; Shape (64, 64, 3, 3) -> (64, 576); Method: K-PCA; Occurrence: ({'K-PCA': 33, 'Spectral': 3});	Sequence: {'K-PCA': 14});
2022-03-14 07:50:08,053 | INFO : Layer 4-13-2; Shape (64, 64, 3, 3) -> (64, 576); Method: DBSCAN; Occurrence: ({'DBSCAN': 16, 'K-PCA': 12, 'Spectral': 8});	Sequence: {'Spectral': 7, 'DBSCAN': 6, 'K-PCA': 5});
2022-03-14 07:54:13,063 | INFO : Layer 4-14-0; Shape (64, 64, 3, 3) -> (64, 576); Method: K-PCA; Occurrence: ({'K-PCA': 33, 'Spectral': 3});	Sequence: {'K-PCA': 17});
2022-03-14 07:58:27,622 | INFO : Layer 4-14-2; Shape (64, 64, 3, 3) -> (64, 576); Method: Spectral; Occurrence: ({'Spectral': 26, 'K-PCA': 10});	Sequence: {'Spectral': 17, 'K-PCA': 3});
2022-03-14 08:06:30,989 | INFO : Layer 4-15-0; Shape (64, 64, 3, 3) -> (64, 576); Method: DBSCAN; Occurrence: ({'DBSCAN': 19, 'Spectral': 17});	Sequence: {'Spectral': 7, 'DBSCAN': 7});
2022-03-14 08:10:44,162 | INFO : Layer 4-15-2; Shape (64, 64, 3, 3) -> (64, 576); Method: K-PCA; Occurrence: ({'K-PCA': 15, 'Spectral': 13, 'DBSCAN': 8});	Sequence: {'K-PCA': 8, 'Spectral': 11, 'DBSCAN': 4});
2022-03-14 08:21:48,580 | INFO : Layer 4-16-0; Shape (64, 64, 3, 3) -> (64, 576); Method: DBSCAN; Occurrence: ({'DBSCAN': 28, 'K-PCA': 5, 'Spectral': 3});	Sequence: {'DBSCAN': 9, 'Spectral': 1, 'K-PCA': 1});
2022-03-14 08:25:52,531 | INFO : Layer 4-16-2; Shape (64, 64, 3, 3) -> (64, 576); Method: Spectral; Occurrence: ({'Spectral': 23, 'K-PCA': 11, 'DBSCAN': 2});	Sequence: {'Spectral': 11, 'K-PCA': 10});
2022-03-14 08:33:56,600 | INFO : Layer 4-17-0; Shape (64, 64, 3, 3) -> (64, 576); Method: Spectral; Occurrence: ({'Spectral': 27, 'DBSCAN': 9});	Sequence: {'DBSCAN': 7, 'Spectral': 18});
2022-03-14 08:38:10,000 | INFO : Layer 4-17-2; Shape (64, 64, 3, 3) -> (64, 576); Method: Spectral; Occurrence: ({'Spectral': 36});	Sequence: {'Spectral': 35});
2022-03-14 08:38:13,632 | INFO : Model /content/drive/MyDrive/lottery_regulated_grouped_kernel_pruning/baseline/resnet110_cifar10_baseline <class 'prune_cifar.ModifiedResNet'> now pruned.
2022-03-14 08:38:14,929 | INFO : Model /content/drive/MyDrive/lottery_regulated_grouped_kernel_pruning/baseline/resnet110_cifar10_baseline <class 'group_cifar.GroupResNet'> now grouped.
2022-03-14 08:38:14,934 | INFO : ==> Starting task: finetune for 300 epochs; multi_prune_flag: False)
2022-03-14 08:39:08,133 | INFO : Model /content/drive/MyDrive/lottery_regulated_grouped_kernel_pruning/baseline/resnet110_cifar10_baseline (type: <class 'group_cifar.GroupResNet'>) pruned and grouped (grouped baseline: 16.87); now to finetune with 300 epochs.

2022-03-14 08:40:01,192 | INFO : Model /content/drive/MyDrive/lottery_regulated_grouped_kernel_pruning/baseline/resnet110_cifar10_baseline has a baseline of 16.87.
2022-03-14 08:44:16,735 | INFO : Epoch #0
2022-03-14 08:44:16,735 | INFO : 	 train_acc: 83.064; train_loss: 0.479; test_loss: 55.361; lr: [0.01]
2022-03-14 08:44:16,735 | INFO : 	 test_acc: 81.92 (best: 81.92 from #0)
2022-03-14 08:48:37,024 | INFO : Epoch #1
2022-03-14 08:48:37,025 | INFO : 	 train_acc: 87.95; train_loss: 0.531; test_loss: 58.765; lr: [0.01]
2022-03-14 08:48:37,025 | INFO : 	 test_acc: 81.31 (best: 81.92 from #0)
2022-03-14 08:52:52,753 | INFO : Epoch #2
2022-03-14 08:52:52,753 | INFO : 	 train_acc: 89.638; train_loss: 0.091; test_loss: 46.618; lr: [0.01]
2022-03-14 08:52:52,753 | INFO : 	 test_acc: 85.06 (best: 85.06 from #2)
2022-03-14 08:57:08,265 | INFO : Epoch #3
2022-03-14 08:57:08,266 | INFO : 	 train_acc: 90.488; train_loss: 0.441; test_loss: 41.157; lr: [0.01]
2022-03-14 08:57:08,266 | INFO : 	 test_acc: 86.49 (best: 86.49 from #3)
2022-03-14 09:01:24,076 | INFO : Epoch #4
2022-03-14 09:01:24,077 | INFO : 	 train_acc: 91.224; train_loss: 0.106; test_loss: 43.789; lr: [0.01]
2022-03-14 09:01:24,077 | INFO : 	 test_acc: 86.23 (best: 86.49 from #3)
2022-03-14 09:05:39,419 | INFO : Epoch #5
2022-03-14 09:05:39,420 | INFO : 	 train_acc: 91.73; train_loss: 0.388; test_loss: 39.928; lr: [0.01]
2022-03-14 09:05:39,420 | INFO : 	 test_acc: 87.63 (best: 87.63 from #5)
2022-03-14 09:09:55,162 | INFO : Epoch #6
2022-03-14 09:09:55,162 | INFO : 	 train_acc: 92.096; train_loss: 0.487; test_loss: 35.803; lr: [0.01]
2022-03-14 09:09:55,162 | INFO : 	 test_acc: 88.03 (best: 88.03 from #6)
2022-03-14 09:14:10,639 | INFO : Epoch #7
2022-03-14 09:14:10,639 | INFO : 	 train_acc: 92.452; train_loss: 0.096; test_loss: 37.042; lr: [0.01]
2022-03-14 09:14:10,640 | INFO : 	 test_acc: 88.3 (best: 88.3 from #7)
2022-03-14 09:18:26,253 | INFO : Epoch #8
2022-03-14 09:18:26,254 | INFO : 	 train_acc: 92.802; train_loss: 0.022; test_loss: 34.850; lr: [0.01]
2022-03-14 09:18:26,254 | INFO : 	 test_acc: 88.89 (best: 88.89 from #8)
2022-03-14 09:22:41,738 | INFO : Epoch #9
2022-03-14 09:22:41,738 | INFO : 	 train_acc: 92.858; train_loss: 0.067; test_loss: 45.386; lr: [0.01]
2022-03-14 09:22:41,738 | INFO : 	 test_acc: 86.14 (best: 88.89 from #8)
2022-03-14 09:26:58,969 | INFO : Epoch #10
2022-03-14 09:26:58,969 | INFO : 	 train_acc: 92.958; train_loss: 0.401; test_loss: 33.196; lr: [0.01]
2022-03-14 09:26:58,969 | INFO : 	 test_acc: 89.21 (best: 89.21 from #10)
2022-03-14 09:31:14,329 | INFO : Epoch #11
2022-03-14 09:31:14,330 | INFO : 	 train_acc: 93.276; train_loss: 0.053; test_loss: 35.817; lr: [0.01]
2022-03-14 09:31:14,330 | INFO : 	 test_acc: 89.08 (best: 89.21 from #10)
2022-03-14 09:35:29,906 | INFO : Epoch #12
2022-03-14 09:35:29,907 | INFO : 	 train_acc: 93.6; train_loss: 0.433; test_loss: 33.734; lr: [0.01]
2022-03-14 09:35:29,907 | INFO : 	 test_acc: 89.21 (best: 89.21 from #12)
2022-03-14 09:39:45,306 | INFO : Epoch #13
2022-03-14 09:39:45,306 | INFO : 	 train_acc: 93.47; train_loss: 0.176; test_loss: 29.670; lr: [0.01]
2022-03-14 09:39:45,306 | INFO : 	 test_acc: 90.34 (best: 90.34 from #13)
2022-03-14 09:44:00,869 | INFO : Epoch #14
2022-03-14 09:44:00,870 | INFO : 	 train_acc: 93.736; train_loss: 0.501; test_loss: 42.194; lr: [0.01]
2022-03-14 09:44:00,870 | INFO : 	 test_acc: 87.35 (best: 90.34 from #13)
2022-03-14 09:48:16,353 | INFO : Epoch #15
2022-03-14 09:48:16,354 | INFO : 	 train_acc: 93.714; train_loss: 0.051; test_loss: 40.190; lr: [0.01]
2022-03-14 09:48:16,354 | INFO : 	 test_acc: 87.67 (best: 90.34 from #13)
2022-03-14 09:52:32,064 | INFO : Epoch #16
2022-03-14 09:52:32,065 | INFO : 	 train_acc: 93.782; train_loss: 0.586; test_loss: 32.860; lr: [0.01]
2022-03-14 09:52:32,065 | INFO : 	 test_acc: 89.51 (best: 90.34 from #13)
2022-03-14 09:56:47,422 | INFO : Epoch #17
2022-03-14 09:56:47,422 | INFO : 	 train_acc: 94.182; train_loss: 0.014; test_loss: 37.383; lr: [0.01]
2022-03-14 09:56:47,423 | INFO : 	 test_acc: 88.89 (best: 90.34 from #13)
2022-03-14 10:01:03,047 | INFO : Epoch #18
2022-03-14 10:01:03,047 | INFO : 	 train_acc: 93.962; train_loss: 0.044; test_loss: 41.119; lr: [0.01]
2022-03-14 10:01:03,048 | INFO : 	 test_acc: 88.14 (best: 90.34 from #13)
2022-03-14 10:05:18,428 | INFO : Epoch #19
2022-03-14 10:05:18,429 | INFO : 	 train_acc: 94.16; train_loss: 0.068; test_loss: 37.847; lr: [0.01]
2022-03-14 10:05:18,429 | INFO : 	 test_acc: 88.65 (best: 90.34 from #13)
2022-03-14 10:09:35,791 | INFO : Epoch #20
2022-03-14 10:09:35,792 | INFO : 	 train_acc: 94.092; train_loss: 0.559; test_loss: 43.413; lr: [0.01]
2022-03-14 10:09:35,792 | INFO : 	 test_acc: 86.96 (best: 90.34 from #13)
2022-03-14 10:13:50,994 | INFO : Epoch #21
2022-03-14 10:13:50,995 | INFO : 	 train_acc: 94.124; train_loss: 0.660; test_loss: 37.291; lr: [0.01]
2022-03-14 10:13:50,995 | INFO : 	 test_acc: 88.85 (best: 90.34 from #13)
2022-03-14 10:18:06,404 | INFO : Epoch #22
2022-03-14 10:18:06,405 | INFO : 	 train_acc: 94.372; train_loss: 0.496; test_loss: 37.567; lr: [0.01]
2022-03-14 10:18:06,405 | INFO : 	 test_acc: 88.4 (best: 90.34 from #13)
2022-03-14 10:22:21,764 | INFO : Epoch #23
2022-03-14 10:22:21,765 | INFO : 	 train_acc: 94.146; train_loss: 0.506; test_loss: 32.780; lr: [0.01]
2022-03-14 10:22:21,765 | INFO : 	 test_acc: 89.88 (best: 90.34 from #13)
2022-03-14 10:26:37,386 | INFO : Epoch #24
2022-03-14 10:26:37,386 | INFO : 	 train_acc: 94.2; train_loss: 0.376; test_loss: 34.737; lr: [0.01]
2022-03-14 10:26:37,387 | INFO : 	 test_acc: 89.99 (best: 90.34 from #13)
2022-03-14 10:30:52,659 | INFO : Epoch #25
2022-03-14 10:30:52,660 | INFO : 	 train_acc: 94.398; train_loss: 0.177; test_loss: 33.541; lr: [0.01]
2022-03-14 10:30:52,660 | INFO : 	 test_acc: 89.59 (best: 90.34 from #13)
2022-03-14 10:35:08,645 | INFO : Epoch #26
2022-03-14 10:35:08,645 | INFO : 	 train_acc: 94.494; train_loss: 0.117; test_loss: 36.642; lr: [0.01]
2022-03-14 10:35:08,645 | INFO : 	 test_acc: 89.08 (best: 90.34 from #13)
2022-03-14 10:39:24,102 | INFO : Epoch #27
2022-03-14 10:39:24,103 | INFO : 	 train_acc: 94.682; train_loss: 0.324; test_loss: 33.264; lr: [0.01]
2022-03-14 10:39:24,103 | INFO : 	 test_acc: 89.65 (best: 90.34 from #13)
2022-03-14 10:43:39,775 | INFO : Epoch #28
2022-03-14 10:43:39,775 | INFO : 	 train_acc: 94.446; train_loss: 0.257; test_loss: 34.482; lr: [0.01]
2022-03-14 10:43:39,776 | INFO : 	 test_acc: 89.71 (best: 90.34 from #13)
2022-03-14 10:47:55,000 | INFO : Epoch #29
2022-03-14 10:47:55,000 | INFO : 	 train_acc: 94.51; train_loss: 0.042; test_loss: 36.548; lr: [0.01]
2022-03-14 10:47:55,001 | INFO : 	 test_acc: 89.51 (best: 90.34 from #13)
2022-03-14 10:52:12,405 | INFO : Epoch #30
2022-03-14 10:52:12,406 | INFO : 	 train_acc: 94.53; train_loss: 0.101; test_loss: 34.556; lr: [0.01]
2022-03-14 10:52:12,406 | INFO : 	 test_acc: 90.05 (best: 90.34 from #13)
2022-03-14 10:56:27,953 | INFO : Epoch #31
2022-03-14 10:56:27,953 | INFO : 	 train_acc: 94.596; train_loss: 0.213; test_loss: 37.346; lr: [0.01]
2022-03-14 10:56:27,953 | INFO : 	 test_acc: 88.65 (best: 90.34 from #13)
2022-03-14 11:00:44,008 | INFO : Epoch #32
2022-03-14 11:00:44,008 | INFO : 	 train_acc: 94.532; train_loss: 0.502; test_loss: 32.934; lr: [0.01]
2022-03-14 11:00:44,008 | INFO : 	 test_acc: 89.42 (best: 90.34 from #13)
2022-03-14 11:04:59,692 | INFO : Epoch #33
2022-03-14 11:04:59,693 | INFO : 	 train_acc: 94.656; train_loss: 0.193; test_loss: 41.255; lr: [0.01]
2022-03-14 11:04:59,693 | INFO : 	 test_acc: 87.87 (best: 90.34 from #13)
2022-03-14 11:09:14,764 | INFO : Epoch #34
2022-03-14 11:09:14,764 | INFO : 	 train_acc: 94.764; train_loss: 0.528; test_loss: 39.893; lr: [0.01]
2022-03-14 11:09:14,764 | INFO : 	 test_acc: 88.72 (best: 90.34 from #13)
2022-03-14 11:13:29,635 | INFO : Epoch #35
2022-03-14 11:13:29,636 | INFO : 	 train_acc: 94.524; train_loss: 0.056; test_loss: 36.189; lr: [0.01]
2022-03-14 11:13:29,636 | INFO : 	 test_acc: 89.16 (best: 90.34 from #13)
2022-03-14 11:17:44,655 | INFO : Epoch #36
2022-03-14 11:17:44,656 | INFO : 	 train_acc: 94.684; train_loss: 0.316; test_loss: 42.178; lr: [0.01]
2022-03-14 11:17:44,656 | INFO : 	 test_acc: 87.75 (best: 90.34 from #13)
2022-03-14 11:21:59,613 | INFO : Epoch #37
2022-03-14 11:21:59,614 | INFO : 	 train_acc: 94.744; train_loss: 0.129; test_loss: 37.642; lr: [0.01]
2022-03-14 11:21:59,614 | INFO : 	 test_acc: 89.36 (best: 90.34 from #13)
2022-03-14 11:26:14,658 | INFO : Epoch #38
2022-03-14 11:26:14,658 | INFO : 	 train_acc: 94.798; train_loss: 0.344; test_loss: 39.808; lr: [0.01]
2022-03-14 11:26:14,659 | INFO : 	 test_acc: 88.2 (best: 90.34 from #13)
2022-03-14 11:30:29,648 | INFO : Epoch #39
2022-03-14 11:30:29,648 | INFO : 	 train_acc: 94.844; train_loss: 0.081; test_loss: 35.532; lr: [0.01]
2022-03-14 11:30:29,648 | INFO : 	 test_acc: 89.52 (best: 90.34 from #13)
2022-03-14 11:34:46,115 | INFO : Epoch #40
2022-03-14 11:34:46,115 | INFO : 	 train_acc: 94.864; train_loss: 0.090; test_loss: 47.565; lr: [0.01]
2022-03-14 11:34:46,115 | INFO : 	 test_acc: 86.49 (best: 90.34 from #13)
2022-03-14 11:39:00,591 | INFO : Epoch #41
2022-03-14 11:39:00,591 | INFO : 	 train_acc: 94.754; train_loss: 0.043; test_loss: 38.738; lr: [0.01]
2022-03-14 11:39:00,592 | INFO : 	 test_acc: 88.82 (best: 90.34 from #13)
2022-03-14 11:43:15,533 | INFO : Epoch #42
2022-03-14 11:43:15,533 | INFO : 	 train_acc: 94.878; train_loss: 0.086; test_loss: 36.559; lr: [0.01]
2022-03-14 11:43:15,533 | INFO : 	 test_acc: 88.43 (best: 90.34 from #13)
2022-03-14 11:47:30,599 | INFO : Epoch #43
2022-03-14 11:47:30,599 | INFO : 	 train_acc: 95.076; train_loss: 0.268; test_loss: 36.004; lr: [0.01]
2022-03-14 11:47:30,599 | INFO : 	 test_acc: 89.68 (best: 90.34 from #13)
2022-03-14 11:51:45,706 | INFO : Epoch #44
2022-03-14 11:51:45,707 | INFO : 	 train_acc: 94.83; train_loss: 0.138; test_loss: 38.815; lr: [0.01]
2022-03-14 11:51:45,707 | INFO : 	 test_acc: 88.55 (best: 90.34 from #13)
2022-03-14 11:56:00,718 | INFO : Epoch #45
2022-03-14 11:56:00,719 | INFO : 	 train_acc: 94.858; train_loss: 0.060; test_loss: 41.976; lr: [0.01]
2022-03-14 11:56:00,719 | INFO : 	 test_acc: 87.58 (best: 90.34 from #13)
2022-03-14 12:00:15,670 | INFO : Epoch #46
2022-03-14 12:00:15,671 | INFO : 	 train_acc: 94.92; train_loss: 0.135; test_loss: 35.653; lr: [0.01]
2022-03-14 12:00:15,671 | INFO : 	 test_acc: 89.57 (best: 90.34 from #13)
2022-03-14 12:04:30,491 | INFO : Epoch #47
2022-03-14 12:04:30,492 | INFO : 	 train_acc: 94.894; train_loss: 0.607; test_loss: 35.340; lr: [0.01]
2022-03-14 12:04:30,492 | INFO : 	 test_acc: 89.47 (best: 90.34 from #13)
2022-03-14 12:08:45,625 | INFO : Epoch #48
2022-03-14 12:08:45,626 | INFO : 	 train_acc: 94.788; train_loss: 0.043; test_loss: 40.745; lr: [0.01]
2022-03-14 12:08:45,626 | INFO : 	 test_acc: 88.0 (best: 90.34 from #13)
2022-03-14 12:13:00,262 | INFO : Epoch #49
2022-03-14 12:13:00,262 | INFO : 	 train_acc: 94.908; train_loss: 0.274; test_loss: 31.932; lr: [0.01]
2022-03-14 12:13:00,262 | INFO : 	 test_acc: 90.21 (best: 90.34 from #13)
2022-03-14 12:17:16,955 | INFO : Epoch #50
2022-03-14 12:17:16,955 | INFO : 	 train_acc: 94.976; train_loss: 0.009; test_loss: 33.607; lr: [0.01]
2022-03-14 12:17:16,955 | INFO : 	 test_acc: 90.13 (best: 90.34 from #13)
2022-03-14 12:21:31,817 | INFO : Epoch #51
2022-03-14 12:21:31,817 | INFO : 	 train_acc: 94.832; train_loss: 0.034; test_loss: 34.503; lr: [0.01]
2022-03-14 12:21:31,818 | INFO : 	 test_acc: 89.42 (best: 90.34 from #13)
2022-03-14 12:25:46,884 | INFO : Epoch #52
2022-03-14 12:25:46,885 | INFO : 	 train_acc: 95.176; train_loss: 0.418; test_loss: 32.029; lr: [0.01]
2022-03-14 12:25:46,885 | INFO : 	 test_acc: 90.34 (best: 90.34 from #52)
2022-03-14 12:30:01,856 | INFO : Epoch #53
2022-03-14 12:30:01,856 | INFO : 	 train_acc: 94.912; train_loss: 0.056; test_loss: 33.203; lr: [0.01]
2022-03-14 12:30:01,856 | INFO : 	 test_acc: 90.39 (best: 90.39 from #53)
2022-03-14 12:34:17,315 | INFO : Epoch #54
2022-03-14 12:34:17,316 | INFO : 	 train_acc: 94.876; train_loss: 0.320; test_loss: 36.584; lr: [0.01]
2022-03-14 12:34:17,316 | INFO : 	 test_acc: 89.44 (best: 90.39 from #53)
2022-03-14 12:38:32,582 | INFO : Epoch #55
2022-03-14 12:38:32,583 | INFO : 	 train_acc: 95.062; train_loss: 0.067; test_loss: 36.036; lr: [0.01]
2022-03-14 12:38:32,583 | INFO : 	 test_acc: 89.22 (best: 90.39 from #53)
2022-03-14 12:42:48,143 | INFO : Epoch #56
2022-03-14 12:42:48,144 | INFO : 	 train_acc: 95.064; train_loss: 0.292; test_loss: 37.797; lr: [0.01]
2022-03-14 12:42:48,144 | INFO : 	 test_acc: 88.72 (best: 90.39 from #53)
2022-03-14 12:47:04,101 | INFO : Epoch #57
2022-03-14 12:47:04,101 | INFO : 	 train_acc: 94.978; train_loss: 0.266; test_loss: 38.014; lr: [0.01]
2022-03-14 12:47:04,101 | INFO : 	 test_acc: 88.84 (best: 90.39 from #53)
2022-03-14 12:51:20,326 | INFO : Epoch #58
2022-03-14 12:51:20,326 | INFO : 	 train_acc: 95.066; train_loss: 0.132; test_loss: 39.564; lr: [0.01]
2022-03-14 12:51:20,327 | INFO : 	 test_acc: 88.57 (best: 90.39 from #53)
2022-03-14 12:55:36,484 | INFO : Epoch #59
2022-03-14 12:55:36,485 | INFO : 	 train_acc: 95.13; train_loss: 0.722; test_loss: 35.492; lr: [0.01]
2022-03-14 12:55:36,485 | INFO : 	 test_acc: 89.31 (best: 90.39 from #53)
2022-03-14 12:59:54,406 | INFO : Epoch #60
2022-03-14 12:59:54,406 | INFO : 	 train_acc: 94.956; train_loss: 0.281; test_loss: 32.352; lr: [0.01]
2022-03-14 12:59:54,407 | INFO : 	 test_acc: 90.65 (best: 90.65 from #60)
2022-03-14 13:04:10,482 | INFO : Epoch #61
2022-03-14 13:04:10,482 | INFO : 	 train_acc: 95.25; train_loss: 0.048; test_loss: 32.846; lr: [0.01]
2022-03-14 13:04:10,482 | INFO : 	 test_acc: 90.0 (best: 90.65 from #60)
2022-03-14 13:08:26,751 | INFO : Epoch #62
2022-03-14 13:08:26,752 | INFO : 	 train_acc: 95.08; train_loss: 0.159; test_loss: 43.397; lr: [0.01]
2022-03-14 13:08:26,752 | INFO : 	 test_acc: 87.37 (best: 90.65 from #60)
2022-03-14 13:12:42,693 | INFO : Epoch #63
2022-03-14 13:12:42,693 | INFO : 	 train_acc: 95.2; train_loss: 0.094; test_loss: 34.447; lr: [0.01]
2022-03-14 13:12:42,694 | INFO : 	 test_acc: 89.82 (best: 90.65 from #60)
2022-03-14 13:16:58,920 | INFO : Epoch #64
2022-03-14 13:16:58,920 | INFO : 	 train_acc: 95.248; train_loss: 0.445; test_loss: 37.195; lr: [0.01]
2022-03-14 13:16:58,920 | INFO : 	 test_acc: 88.88 (best: 90.65 from #60)
2022-03-14 13:21:14,773 | INFO : Epoch #65
2022-03-14 13:21:14,774 | INFO : 	 train_acc: 95.088; train_loss: 0.705; test_loss: 34.907; lr: [0.01]
2022-03-14 13:21:14,774 | INFO : 	 test_acc: 89.48 (best: 90.65 from #60)
2022-03-14 13:25:30,024 | INFO : Epoch #66
2022-03-14 13:25:30,024 | INFO : 	 train_acc: 95.102; train_loss: 0.236; test_loss: 36.665; lr: [0.01]
2022-03-14 13:25:30,025 | INFO : 	 test_acc: 89.34 (best: 90.65 from #60)
2022-03-14 13:29:44,967 | INFO : Epoch #67
2022-03-14 13:29:44,968 | INFO : 	 train_acc: 95.014; train_loss: 0.185; test_loss: 40.342; lr: [0.01]
2022-03-14 13:29:44,968 | INFO : 	 test_acc: 88.22 (best: 90.65 from #60)
2022-03-14 13:34:00,176 | INFO : Epoch #68
2022-03-14 13:34:00,177 | INFO : 	 train_acc: 95.126; train_loss: 0.166; test_loss: 40.467; lr: [0.01]
2022-03-14 13:34:00,177 | INFO : 	 test_acc: 88.38 (best: 90.65 from #60)
2022-03-14 13:38:15,175 | INFO : Epoch #69
2022-03-14 13:38:15,175 | INFO : 	 train_acc: 95.21; train_loss: 0.269; test_loss: 42.614; lr: [0.01]
2022-03-14 13:38:15,175 | INFO : 	 test_acc: 87.94 (best: 90.65 from #60)
2022-03-14 13:42:31,724 | INFO : Epoch #70
2022-03-14 13:42:31,725 | INFO : 	 train_acc: 94.98; train_loss: 0.023; test_loss: 32.234; lr: [0.01]
2022-03-14 13:42:31,725 | INFO : 	 test_acc: 90.46 (best: 90.65 from #60)
2022-03-14 13:46:46,659 | INFO : Epoch #71
2022-03-14 13:46:46,660 | INFO : 	 train_acc: 95.424; train_loss: 0.083; test_loss: 32.978; lr: [0.01]
2022-03-14 13:46:46,660 | INFO : 	 test_acc: 90.32 (best: 90.65 from #60)
2022-03-14 13:51:01,942 | INFO : Epoch #72
2022-03-14 13:51:01,943 | INFO : 	 train_acc: 95.222; train_loss: 0.295; test_loss: 32.962; lr: [0.01]
2022-03-14 13:51:01,943 | INFO : 	 test_acc: 90.32 (best: 90.65 from #60)
2022-03-14 13:55:16,688 | INFO : Epoch #73
2022-03-14 13:55:16,688 | INFO : 	 train_acc: 95.128; train_loss: 0.045; test_loss: 33.575; lr: [0.01]
2022-03-14 13:55:16,688 | INFO : 	 test_acc: 90.09 (best: 90.65 from #60)
2022-03-14 13:59:31,854 | INFO : Epoch #74
2022-03-14 13:59:31,854 | INFO : 	 train_acc: 95.182; train_loss: 0.626; test_loss: 35.665; lr: [0.01]
2022-03-14 13:59:31,854 | INFO : 	 test_acc: 89.43 (best: 90.65 from #60)
2022-03-14 14:03:46,791 | INFO : Epoch #75
2022-03-14 14:03:46,792 | INFO : 	 train_acc: 95.258; train_loss: 0.122; test_loss: 37.650; lr: [0.01]
2022-03-14 14:03:46,792 | INFO : 	 test_acc: 89.17 (best: 90.65 from #60)
2022-03-14 14:08:01,714 | INFO : Epoch #76
2022-03-14 14:08:01,715 | INFO : 	 train_acc: 95.252; train_loss: 0.441; test_loss: 32.936; lr: [0.01]
2022-03-14 14:08:01,715 | INFO : 	 test_acc: 90.08 (best: 90.65 from #60)
2022-03-14 14:12:16,670 | INFO : Epoch #77
2022-03-14 14:12:16,670 | INFO : 	 train_acc: 95.166; train_loss: 0.104; test_loss: 32.252; lr: [0.01]
2022-03-14 14:12:16,670 | INFO : 	 test_acc: 90.51 (best: 90.65 from #60)
2022-03-14 14:16:31,946 | INFO : Epoch #78
2022-03-14 14:16:31,946 | INFO : 	 train_acc: 95.382; train_loss: 0.255; test_loss: 30.286; lr: [0.01]
2022-03-14 14:16:31,947 | INFO : 	 test_acc: 90.72 (best: 90.72 from #78)
2022-03-14 14:20:47,013 | INFO : Epoch #79
2022-03-14 14:20:47,014 | INFO : 	 train_acc: 95.248; train_loss: 0.483; test_loss: 37.674; lr: [0.01]
2022-03-14 14:20:47,014 | INFO : 	 test_acc: 89.29 (best: 90.72 from #78)
2022-03-14 14:25:04,039 | INFO : Epoch #80
2022-03-14 14:25:04,039 | INFO : 	 train_acc: 95.062; train_loss: 0.555; test_loss: 38.500; lr: [0.01]
2022-03-14 14:25:04,039 | INFO : 	 test_acc: 88.5 (best: 90.72 from #78)
2022-03-14 14:29:19,395 | INFO : Epoch #81
2022-03-14 14:29:19,396 | INFO : 	 train_acc: 95.158; train_loss: 0.045; test_loss: 34.637; lr: [0.01]
2022-03-14 14:29:19,396 | INFO : 	 test_acc: 89.91 (best: 90.72 from #78)
2022-03-14 14:33:35,056 | INFO : Epoch #82
2022-03-14 14:33:35,056 | INFO : 	 train_acc: 95.364; train_loss: 0.038; test_loss: 36.631; lr: [0.01]
2022-03-14 14:33:35,057 | INFO : 	 test_acc: 89.33 (best: 90.72 from #78)
2022-03-14 14:37:50,778 | INFO : Epoch #83
2022-03-14 14:37:50,779 | INFO : 	 train_acc: 95.278; train_loss: 0.265; test_loss: 42.881; lr: [0.01]
2022-03-14 14:37:50,779 | INFO : 	 test_acc: 88.1 (best: 90.72 from #78)
2022-03-14 14:42:06,367 | INFO : Epoch #84
2022-03-14 14:42:06,367 | INFO : 	 train_acc: 95.04; train_loss: 0.368; test_loss: 40.253; lr: [0.01]
2022-03-14 14:42:06,368 | INFO : 	 test_acc: 88.56 (best: 90.72 from #78)
2022-03-14 14:46:21,947 | INFO : Epoch #85
2022-03-14 14:46:21,948 | INFO : 	 train_acc: 95.422; train_loss: 0.028; test_loss: 35.078; lr: [0.01]
2022-03-14 14:46:21,948 | INFO : 	 test_acc: 89.63 (best: 90.72 from #78)
2022-03-14 14:50:37,487 | INFO : Epoch #86
2022-03-14 14:50:37,487 | INFO : 	 train_acc: 95.372; train_loss: 0.187; test_loss: 35.249; lr: [0.01]
2022-03-14 14:50:37,488 | INFO : 	 test_acc: 89.63 (best: 90.72 from #78)
2022-03-14 14:54:52,794 | INFO : Epoch #87
2022-03-14 14:54:52,795 | INFO : 	 train_acc: 95.346; train_loss: 0.149; test_loss: 31.222; lr: [0.01]
2022-03-14 14:54:52,795 | INFO : 	 test_acc: 90.41 (best: 90.72 from #78)
2022-03-14 14:59:08,525 | INFO : Epoch #88
2022-03-14 14:59:08,525 | INFO : 	 train_acc: 95.522; train_loss: 0.052; test_loss: 39.518; lr: [0.01]
2022-03-14 14:59:08,526 | INFO : 	 test_acc: 88.61 (best: 90.72 from #78)
2022-03-14 15:03:24,195 | INFO : Epoch #89
2022-03-14 15:03:24,196 | INFO : 	 train_acc: 95.218; train_loss: 0.139; test_loss: 36.176; lr: [0.01]
2022-03-14 15:03:24,196 | INFO : 	 test_acc: 89.37 (best: 90.72 from #78)
2022-03-14 15:07:41,900 | INFO : Epoch #90
2022-03-14 15:07:41,901 | INFO : 	 train_acc: 95.208; train_loss: 0.063; test_loss: 37.888; lr: [0.01]
2022-03-14 15:07:41,901 | INFO : 	 test_acc: 89.33 (best: 90.72 from #78)
2022-03-14 15:11:57,511 | INFO : Epoch #91
2022-03-14 15:11:57,512 | INFO : 	 train_acc: 95.374; train_loss: 0.170; test_loss: 35.878; lr: [0.01]
2022-03-14 15:11:57,512 | INFO : 	 test_acc: 89.67 (best: 90.72 from #78)
2022-03-14 15:16:13,274 | INFO : Epoch #92
2022-03-14 15:16:13,274 | INFO : 	 train_acc: 95.484; train_loss: 0.117; test_loss: 43.319; lr: [0.01]
2022-03-14 15:16:13,274 | INFO : 	 test_acc: 87.61 (best: 90.72 from #78)
2022-03-14 15:20:28,668 | INFO : Epoch #93
2022-03-14 15:20:28,669 | INFO : 	 train_acc: 95.086; train_loss: 0.665; test_loss: 32.856; lr: [0.01]
2022-03-14 15:20:28,669 | INFO : 	 test_acc: 90.25 (best: 90.72 from #78)
2022-03-14 15:24:44,970 | INFO : Epoch #94
2022-03-14 15:24:44,970 | INFO : 	 train_acc: 95.152; train_loss: 0.139; test_loss: 35.015; lr: [0.01]
2022-03-14 15:24:44,971 | INFO : 	 test_acc: 89.65 (best: 90.72 from #78)
2022-03-14 15:29:00,922 | INFO : Epoch #95
2022-03-14 15:29:00,922 | INFO : 	 train_acc: 95.188; train_loss: 0.494; test_loss: 34.522; lr: [0.01]
2022-03-14 15:29:00,922 | INFO : 	 test_acc: 90.07 (best: 90.72 from #78)
2022-03-14 15:33:17,144 | INFO : Epoch #96
2022-03-14 15:33:17,144 | INFO : 	 train_acc: 95.242; train_loss: 0.171; test_loss: 35.800; lr: [0.01]
2022-03-14 15:33:17,144 | INFO : 	 test_acc: 89.95 (best: 90.72 from #78)
2022-03-14 15:37:33,272 | INFO : Epoch #97
2022-03-14 15:37:33,272 | INFO : 	 train_acc: 95.704; train_loss: 0.010; test_loss: 33.166; lr: [0.01]
2022-03-14 15:37:33,273 | INFO : 	 test_acc: 90.31 (best: 90.72 from #78)
2022-03-14 15:41:49,815 | INFO : Epoch #98
2022-03-14 15:41:49,816 | INFO : 	 train_acc: 95.466; train_loss: 0.333; test_loss: 37.031; lr: [0.01]
2022-03-14 15:41:49,816 | INFO : 	 test_acc: 89.36 (best: 90.72 from #78)
2022-03-14 15:46:06,018 | INFO : Epoch #99
2022-03-14 15:46:06,018 | INFO : 	 train_acc: 95.296; train_loss: 0.031; test_loss: 35.593; lr: [0.01]
2022-03-14 15:46:06,019 | INFO : 	 test_acc: 89.51 (best: 90.72 from #78)
2022-03-14 15:50:24,304 | INFO : Epoch #100
2022-03-14 15:50:24,304 | INFO : 	 train_acc: 97.962; train_loss: 0.041; test_loss: 21.052; lr: [0.001]
2022-03-14 15:50:24,305 | INFO : 	 test_acc: 93.65 (best: 93.65 from #100)
2022-03-14 15:54:40,594 | INFO : Epoch #101
2022-03-14 15:54:40,594 | INFO : 	 train_acc: 98.9; train_loss: 0.007; test_loss: 21.010; lr: [0.001]
2022-03-14 15:54:40,595 | INFO : 	 test_acc: 93.76 (best: 93.76 from #101)
2022-03-14 15:58:56,954 | INFO : Epoch #102
2022-03-14 15:58:56,955 | INFO : 	 train_acc: 99.012; train_loss: 0.008; test_loss: 20.779; lr: [0.001]
2022-03-14 15:58:56,955 | INFO : 	 test_acc: 93.88 (best: 93.88 from #102)
2022-03-14 16:03:13,368 | INFO : Epoch #103
2022-03-14 16:03:13,369 | INFO : 	 train_acc: 99.222; train_loss: 0.043; test_loss: 21.410; lr: [0.001]
2022-03-14 16:03:13,369 | INFO : 	 test_acc: 93.99 (best: 93.99 from #103)
2022-03-14 16:07:29,216 | INFO : Epoch #104
2022-03-14 16:07:29,217 | INFO : 	 train_acc: 99.39; train_loss: 0.003; test_loss: 21.276; lr: [0.001]
2022-03-14 16:07:29,217 | INFO : 	 test_acc: 94.11 (best: 94.11 from #104)
2022-03-14 16:11:44,895 | INFO : Epoch #105
2022-03-14 16:11:44,895 | INFO : 	 train_acc: 99.368; train_loss: 0.034; test_loss: 21.627; lr: [0.001]
2022-03-14 16:11:44,895 | INFO : 	 test_acc: 94.03 (best: 94.11 from #104)
2022-03-14 16:16:00,924 | INFO : Epoch #106
2022-03-14 16:16:00,924 | INFO : 	 train_acc: 99.478; train_loss: 0.212; test_loss: 21.848; lr: [0.001]
2022-03-14 16:16:00,924 | INFO : 	 test_acc: 94.07 (best: 94.11 from #104)
2022-03-14 16:20:16,648 | INFO : Epoch #107
2022-03-14 16:20:16,648 | INFO : 	 train_acc: 99.57; train_loss: 0.092; test_loss: 21.845; lr: [0.001]
2022-03-14 16:20:16,648 | INFO : 	 test_acc: 94.15 (best: 94.15 from #107)
2022-03-14 16:24:32,348 | INFO : Epoch #108
2022-03-14 16:24:32,348 | INFO : 	 train_acc: 99.556; train_loss: 0.001; test_loss: 21.662; lr: [0.001]
2022-03-14 16:24:32,349 | INFO : 	 test_acc: 94.08 (best: 94.15 from #107)
2022-03-14 16:28:47,896 | INFO : Epoch #109
2022-03-14 16:28:47,896 | INFO : 	 train_acc: 99.628; train_loss: 0.020; test_loss: 22.260; lr: [0.001]
2022-03-14 16:28:47,896 | INFO : 	 test_acc: 94.01 (best: 94.15 from #107)
2022-03-14 16:33:05,705 | INFO : Epoch #110
2022-03-14 16:33:05,706 | INFO : 	 train_acc: 99.628; train_loss: 0.073; test_loss: 22.207; lr: [0.001]
2022-03-14 16:33:05,706 | INFO : 	 test_acc: 94.08 (best: 94.15 from #107)
2022-03-14 16:37:21,462 | INFO : Epoch #111
2022-03-14 16:37:21,462 | INFO : 	 train_acc: 99.648; train_loss: 0.054; test_loss: 22.878; lr: [0.001]
2022-03-14 16:37:21,462 | INFO : 	 test_acc: 93.93 (best: 94.15 from #107)
2022-03-14 16:41:37,239 | INFO : Epoch #112
2022-03-14 16:41:37,240 | INFO : 	 train_acc: 99.688; train_loss: 0.010; test_loss: 22.486; lr: [0.001]
2022-03-14 16:41:37,240 | INFO : 	 test_acc: 94.15 (best: 94.15 from #112)
2022-03-14 16:45:52,919 | INFO : Epoch #113
2022-03-14 16:45:52,919 | INFO : 	 train_acc: 99.698; train_loss: 0.001; test_loss: 22.459; lr: [0.001]
2022-03-14 16:45:52,920 | INFO : 	 test_acc: 94.3 (best: 94.3 from #113)
2022-03-14 16:50:08,710 | INFO : Epoch #114
2022-03-14 16:50:08,711 | INFO : 	 train_acc: 99.76; train_loss: 0.000; test_loss: 22.389; lr: [0.001]
2022-03-14 16:50:08,711 | INFO : 	 test_acc: 94.38 (best: 94.38 from #114)
2022-03-14 16:54:24,490 | INFO : Epoch #115
2022-03-14 16:54:24,491 | INFO : 	 train_acc: 99.772; train_loss: 0.085; test_loss: 22.761; lr: [0.001]
2022-03-14 16:54:24,491 | INFO : 	 test_acc: 94.25 (best: 94.38 from #114)
2022-03-14 16:58:40,616 | INFO : Epoch #116
2022-03-14 16:58:40,616 | INFO : 	 train_acc: 99.73; train_loss: 0.003; test_loss: 23.011; lr: [0.001]
2022-03-14 16:58:40,617 | INFO : 	 test_acc: 94.25 (best: 94.38 from #114)
2022-03-14 17:02:56,178 | INFO : Epoch #117
2022-03-14 17:02:56,178 | INFO : 	 train_acc: 99.784; train_loss: 0.001; test_loss: 23.102; lr: [0.001]
2022-03-14 17:02:56,179 | INFO : 	 test_acc: 94.17 (best: 94.38 from #114)
2022-03-14 17:07:12,174 | INFO : Epoch #118
2022-03-14 17:07:12,175 | INFO : 	 train_acc: 99.764; train_loss: 0.003; test_loss: 23.045; lr: [0.001]
2022-03-14 17:07:12,175 | INFO : 	 test_acc: 94.17 (best: 94.38 from #114)
2022-03-14 17:11:27,689 | INFO : Epoch #119
2022-03-14 17:11:27,689 | INFO : 	 train_acc: 99.766; train_loss: 0.003; test_loss: 22.896; lr: [0.001]
2022-03-14 17:11:27,689 | INFO : 	 test_acc: 94.32 (best: 94.38 from #114)
2022-03-14 17:15:45,412 | INFO : Epoch #120
2022-03-14 17:15:45,413 | INFO : 	 train_acc: 99.78; train_loss: 0.005; test_loss: 23.526; lr: [0.001]
2022-03-14 17:15:45,413 | INFO : 	 test_acc: 94.12 (best: 94.38 from #114)
2022-03-14 17:20:00,956 | INFO : Epoch #121
2022-03-14 17:20:00,956 | INFO : 	 train_acc: 99.792; train_loss: 0.023; test_loss: 24.092; lr: [0.001]
2022-03-14 17:20:00,957 | INFO : 	 test_acc: 94.25 (best: 94.38 from #114)
2022-03-14 17:24:16,786 | INFO : Epoch #122
2022-03-14 17:24:16,787 | INFO : 	 train_acc: 99.836; train_loss: 0.001; test_loss: 24.453; lr: [0.001]
2022-03-14 17:24:16,787 | INFO : 	 test_acc: 94.19 (best: 94.38 from #114)
2022-03-14 17:28:32,449 | INFO : Epoch #123
2022-03-14 17:28:32,450 | INFO : 	 train_acc: 99.812; train_loss: 0.104; test_loss: 23.488; lr: [0.001]
2022-03-14 17:28:32,450 | INFO : 	 test_acc: 94.11 (best: 94.38 from #114)
2022-03-14 17:32:48,208 | INFO : Epoch #124
2022-03-14 17:32:48,209 | INFO : 	 train_acc: 99.798; train_loss: 0.019; test_loss: 23.752; lr: [0.001]
2022-03-14 17:32:48,209 | INFO : 	 test_acc: 94.2 (best: 94.38 from #114)
2022-03-14 17:37:03,740 | INFO : Epoch #125
2022-03-14 17:37:03,740 | INFO : 	 train_acc: 99.812; train_loss: 0.207; test_loss: 23.438; lr: [0.001]
2022-03-14 17:37:03,741 | INFO : 	 test_acc: 94.43 (best: 94.43 from #125)
2022-03-14 17:41:19,709 | INFO : Epoch #126
2022-03-14 17:41:19,709 | INFO : 	 train_acc: 99.844; train_loss: 0.152; test_loss: 23.889; lr: [0.001]
2022-03-14 17:41:19,709 | INFO : 	 test_acc: 94.18 (best: 94.43 from #125)
2022-03-14 17:45:35,334 | INFO : Epoch #127
2022-03-14 17:45:35,335 | INFO : 	 train_acc: 99.828; train_loss: 0.002; test_loss: 24.395; lr: [0.001]
2022-03-14 17:45:35,335 | INFO : 	 test_acc: 94.12 (best: 94.43 from #125)
2022-03-14 17:49:51,204 | INFO : Epoch #128
2022-03-14 17:49:51,204 | INFO : 	 train_acc: 99.846; train_loss: 0.006; test_loss: 24.006; lr: [0.001]
2022-03-14 17:49:51,204 | INFO : 	 test_acc: 94.37 (best: 94.43 from #125)
2022-03-14 17:54:06,716 | INFO : Epoch #129
2022-03-14 17:54:06,717 | INFO : 	 train_acc: 99.834; train_loss: 0.015; test_loss: 24.053; lr: [0.001]
2022-03-14 17:54:06,717 | INFO : 	 test_acc: 94.36 (best: 94.43 from #125)
2022-03-14 17:58:24,376 | INFO : Epoch #130
2022-03-14 17:58:24,376 | INFO : 	 train_acc: 99.838; train_loss: 0.076; test_loss: 25.169; lr: [0.001]
2022-03-14 17:58:24,377 | INFO : 	 test_acc: 94.15 (best: 94.43 from #125)
2022-03-14 18:02:40,035 | INFO : Epoch #131
2022-03-14 18:02:40,035 | INFO : 	 train_acc: 99.84; train_loss: 0.013; test_loss: 23.633; lr: [0.001]
2022-03-14 18:02:40,035 | INFO : 	 test_acc: 94.41 (best: 94.43 from #125)
2022-03-14 18:06:55,892 | INFO : Epoch #132
2022-03-14 18:06:55,893 | INFO : 	 train_acc: 99.884; train_loss: 0.001; test_loss: 23.424; lr: [0.001]
2022-03-14 18:06:55,893 | INFO : 	 test_acc: 94.52 (best: 94.52 from #132)
2022-03-14 18:11:11,626 | INFO : Epoch #133
2022-03-14 18:11:11,627 | INFO : 	 train_acc: 99.866; train_loss: 0.046; test_loss: 23.793; lr: [0.001]
2022-03-14 18:11:11,627 | INFO : 	 test_acc: 94.32 (best: 94.52 from #132)
2022-03-14 18:15:27,513 | INFO : Epoch #134
2022-03-14 18:15:27,514 | INFO : 	 train_acc: 99.872; train_loss: 0.001; test_loss: 24.263; lr: [0.001]
2022-03-14 18:15:27,514 | INFO : 	 test_acc: 94.3 (best: 94.52 from #132)
2022-03-14 18:19:43,024 | INFO : Epoch #135
2022-03-14 18:19:43,024 | INFO : 	 train_acc: 99.896; train_loss: 0.159; test_loss: 23.490; lr: [0.001]
2022-03-14 18:19:43,024 | INFO : 	 test_acc: 94.46 (best: 94.52 from #132)
2022-03-14 18:23:58,647 | INFO : Epoch #136
2022-03-14 18:23:58,648 | INFO : 	 train_acc: 99.88; train_loss: 0.003; test_loss: 24.026; lr: [0.001]
2022-03-14 18:23:58,648 | INFO : 	 test_acc: 94.37 (best: 94.52 from #132)
2022-03-14 18:28:14,029 | INFO : Epoch #137
2022-03-14 18:28:14,030 | INFO : 	 train_acc: 99.9; train_loss: 0.004; test_loss: 23.975; lr: [0.001]
2022-03-14 18:28:14,030 | INFO : 	 test_acc: 94.48 (best: 94.52 from #132)
2022-03-14 18:32:29,810 | INFO : Epoch #138
2022-03-14 18:32:29,810 | INFO : 	 train_acc: 99.856; train_loss: 0.021; test_loss: 24.244; lr: [0.001]
2022-03-14 18:32:29,810 | INFO : 	 test_acc: 94.48 (best: 94.52 from #132)
2022-03-14 18:36:45,243 | INFO : Epoch #139
2022-03-14 18:36:45,243 | INFO : 	 train_acc: 99.858; train_loss: 0.003; test_loss: 24.217; lr: [0.001]
2022-03-14 18:36:45,243 | INFO : 	 test_acc: 94.47 (best: 94.52 from #132)
2022-03-14 18:41:02,545 | INFO : Epoch #140
2022-03-14 18:41:02,546 | INFO : 	 train_acc: 99.922; train_loss: 0.004; test_loss: 24.093; lr: [0.001]
2022-03-14 18:41:02,546 | INFO : 	 test_acc: 94.38 (best: 94.52 from #132)
2022-03-14 18:45:18,138 | INFO : Epoch #141
2022-03-14 18:45:18,138 | INFO : 	 train_acc: 99.868; train_loss: 0.002; test_loss: 24.253; lr: [0.001]
2022-03-14 18:45:18,139 | INFO : 	 test_acc: 94.42 (best: 94.52 from #132)
2022-03-14 18:49:33,846 | INFO : Epoch #142
2022-03-14 18:49:33,847 | INFO : 	 train_acc: 99.894; train_loss: 0.032; test_loss: 23.529; lr: [0.001]
2022-03-14 18:49:33,847 | INFO : 	 test_acc: 94.44 (best: 94.52 from #132)
2022-03-14 18:53:49,644 | INFO : Epoch #143
2022-03-14 18:53:49,644 | INFO : 	 train_acc: 99.892; train_loss: 0.001; test_loss: 23.913; lr: [0.001]
2022-03-14 18:53:49,644 | INFO : 	 test_acc: 94.3 (best: 94.52 from #132)
2022-03-14 18:58:05,544 | INFO : Epoch #144
2022-03-14 18:58:05,545 | INFO : 	 train_acc: 99.87; train_loss: 0.021; test_loss: 24.086; lr: [0.001]
2022-03-14 18:58:05,545 | INFO : 	 test_acc: 94.42 (best: 94.52 from #132)
2022-03-14 19:02:20,967 | INFO : Epoch #145
2022-03-14 19:02:20,967 | INFO : 	 train_acc: 99.896; train_loss: 0.003; test_loss: 24.472; lr: [0.001]
2022-03-14 19:02:20,967 | INFO : 	 test_acc: 94.34 (best: 94.52 from #132)
2022-03-14 19:06:36,830 | INFO : Epoch #146
2022-03-14 19:06:36,830 | INFO : 	 train_acc: 99.874; train_loss: 0.002; test_loss: 24.008; lr: [0.001]
2022-03-14 19:06:36,830 | INFO : 	 test_acc: 94.47 (best: 94.52 from #132)
2022-03-14 19:10:52,278 | INFO : Epoch #147
2022-03-14 19:10:52,278 | INFO : 	 train_acc: 99.896; train_loss: 0.001; test_loss: 23.894; lr: [0.001]
2022-03-14 19:10:52,278 | INFO : 	 test_acc: 94.42 (best: 94.52 from #132)
2022-03-14 19:15:07,836 | INFO : Epoch #148
2022-03-14 19:15:07,837 | INFO : 	 train_acc: 99.898; train_loss: 0.001; test_loss: 23.694; lr: [0.001]
2022-03-14 19:15:07,837 | INFO : 	 test_acc: 94.65 (best: 94.65 from #148)
2022-03-14 19:19:23,503 | INFO : Epoch #149
2022-03-14 19:19:23,504 | INFO : 	 train_acc: 99.896; train_loss: 0.086; test_loss: 24.849; lr: [0.001]
2022-03-14 19:19:23,504 | INFO : 	 test_acc: 94.46 (best: 94.65 from #148)
2022-03-14 19:23:40,979 | INFO : Epoch #150
2022-03-14 19:23:40,980 | INFO : 	 train_acc: 99.904; train_loss: 0.125; test_loss: 24.572; lr: [0.001]
2022-03-14 19:23:40,980 | INFO : 	 test_acc: 94.59 (best: 94.65 from #148)
2022-03-14 19:27:56,578 | INFO : Epoch #151
2022-03-14 19:27:56,579 | INFO : 	 train_acc: 99.902; train_loss: 0.004; test_loss: 24.000; lr: [0.001]
2022-03-14 19:27:56,579 | INFO : 	 test_acc: 94.58 (best: 94.65 from #148)
2022-03-14 19:32:12,087 | INFO : Epoch #152
2022-03-14 19:32:12,087 | INFO : 	 train_acc: 99.898; train_loss: 0.017; test_loss: 25.185; lr: [0.001]
2022-03-14 19:32:12,088 | INFO : 	 test_acc: 94.39 (best: 94.65 from #148)
2022-03-14 19:36:27,710 | INFO : Epoch #153
2022-03-14 19:36:27,710 | INFO : 	 train_acc: 99.89; train_loss: 0.001; test_loss: 24.444; lr: [0.001]
2022-03-14 19:36:27,710 | INFO : 	 test_acc: 94.49 (best: 94.65 from #148)
2022-03-14 19:40:43,309 | INFO : Epoch #154
2022-03-14 19:40:43,310 | INFO : 	 train_acc: 99.916; train_loss: 0.002; test_loss: 24.325; lr: [0.001]
2022-03-14 19:40:43,310 | INFO : 	 test_acc: 94.53 (best: 94.65 from #148)
2022-03-14 19:44:58,718 | INFO : Epoch #155
2022-03-14 19:44:58,719 | INFO : 	 train_acc: 99.906; train_loss: 0.015; test_loss: 24.252; lr: [0.001]
2022-03-14 19:44:58,719 | INFO : 	 test_acc: 94.47 (best: 94.65 from #148)
2022-03-14 19:49:14,254 | INFO : Epoch #156
2022-03-14 19:49:14,254 | INFO : 	 train_acc: 99.916; train_loss: 0.029; test_loss: 23.375; lr: [0.001]
2022-03-14 19:49:14,254 | INFO : 	 test_acc: 94.54 (best: 94.65 from #148)
2022-03-14 19:53:29,950 | INFO : Epoch #157
2022-03-14 19:53:29,950 | INFO : 	 train_acc: 99.894; train_loss: 0.002; test_loss: 23.456; lr: [0.001]
2022-03-14 19:53:29,950 | INFO : 	 test_acc: 94.54 (best: 94.65 from #148)
2022-03-14 19:57:45,688 | INFO : Epoch #158
2022-03-14 19:57:45,688 | INFO : 	 train_acc: 99.908; train_loss: 0.004; test_loss: 24.251; lr: [0.001]
2022-03-14 19:57:45,688 | INFO : 	 test_acc: 94.55 (best: 94.65 from #148)
2022-03-14 20:02:01,268 | INFO : Epoch #159
2022-03-14 20:02:01,269 | INFO : 	 train_acc: 99.896; train_loss: 0.418; test_loss: 24.004; lr: [0.001]
2022-03-14 20:02:01,269 | INFO : 	 test_acc: 94.63 (best: 94.65 from #148)
2022-03-14 20:06:18,621 | INFO : Epoch #160
2022-03-14 20:06:18,622 | INFO : 	 train_acc: 99.882; train_loss: 0.005; test_loss: 25.116; lr: [0.001]
2022-03-14 20:06:18,622 | INFO : 	 test_acc: 94.36 (best: 94.65 from #148)
2022-03-14 20:10:34,543 | INFO : Epoch #161
2022-03-14 20:10:34,544 | INFO : 	 train_acc: 99.902; train_loss: 0.092; test_loss: 24.611; lr: [0.001]
2022-03-14 20:10:34,544 | INFO : 	 test_acc: 94.51 (best: 94.65 from #148)
2022-03-14 20:14:50,436 | INFO : Epoch #162
2022-03-14 20:14:50,436 | INFO : 	 train_acc: 99.914; train_loss: 0.002; test_loss: 24.539; lr: [0.001]
2022-03-14 20:14:50,437 | INFO : 	 test_acc: 94.72 (best: 94.72 from #162)
2022-03-14 20:19:06,261 | INFO : Epoch #163
2022-03-14 20:19:06,261 | INFO : 	 train_acc: 99.902; train_loss: 0.020; test_loss: 24.537; lr: [0.001]
2022-03-14 20:19:06,261 | INFO : 	 test_acc: 94.47 (best: 94.72 from #162)
2022-03-14 20:23:22,418 | INFO : Epoch #164
2022-03-14 20:23:22,419 | INFO : 	 train_acc: 99.928; train_loss: 0.059; test_loss: 24.798; lr: [0.001]
2022-03-14 20:23:22,419 | INFO : 	 test_acc: 94.52 (best: 94.72 from #162)
2022-03-14 20:27:38,343 | INFO : Epoch #165
2022-03-14 20:27:38,343 | INFO : 	 train_acc: 99.882; train_loss: 0.010; test_loss: 24.559; lr: [0.001]
2022-03-14 20:27:38,343 | INFO : 	 test_acc: 94.41 (best: 94.72 from #162)
2022-03-14 20:31:54,250 | INFO : Epoch #166
2022-03-14 20:31:54,251 | INFO : 	 train_acc: 99.882; train_loss: 0.001; test_loss: 24.904; lr: [0.001]
2022-03-14 20:31:54,251 | INFO : 	 test_acc: 94.47 (best: 94.72 from #162)
2022-03-14 20:36:10,136 | INFO : Epoch #167
2022-03-14 20:36:10,136 | INFO : 	 train_acc: 99.912; train_loss: 0.009; test_loss: 24.942; lr: [0.001]
2022-03-14 20:36:10,136 | INFO : 	 test_acc: 94.24 (best: 94.72 from #162)
2022-03-14 20:40:25,941 | INFO : Epoch #168
2022-03-14 20:40:25,942 | INFO : 	 train_acc: 99.906; train_loss: 0.021; test_loss: 25.595; lr: [0.001]
2022-03-14 20:40:25,942 | INFO : 	 test_acc: 94.33 (best: 94.72 from #162)
2022-03-14 20:44:41,581 | INFO : Epoch #169
2022-03-14 20:44:41,582 | INFO : 	 train_acc: 99.87; train_loss: 0.001; test_loss: 24.432; lr: [0.001]
2022-03-14 20:44:41,582 | INFO : 	 test_acc: 94.37 (best: 94.72 from #162)
2022-03-14 20:48:59,475 | INFO : Epoch #170
2022-03-14 20:48:59,476 | INFO : 	 train_acc: 99.918; train_loss: 0.000; test_loss: 25.749; lr: [0.001]
2022-03-14 20:48:59,476 | INFO : 	 test_acc: 94.34 (best: 94.72 from #162)
2022-03-14 20:53:15,218 | INFO : Epoch #171
2022-03-14 20:53:15,218 | INFO : 	 train_acc: 99.902; train_loss: 0.007; test_loss: 24.997; lr: [0.001]
2022-03-14 20:53:15,219 | INFO : 	 test_acc: 94.4 (best: 94.72 from #162)
2022-03-14 20:57:31,058 | INFO : Epoch #172
2022-03-14 20:57:31,059 | INFO : 	 train_acc: 99.936; train_loss: 0.008; test_loss: 25.130; lr: [0.001]
2022-03-14 20:57:31,059 | INFO : 	 test_acc: 94.35 (best: 94.72 from #162)
2022-03-14 21:01:47,023 | INFO : Epoch #173
2022-03-14 21:01:47,023 | INFO : 	 train_acc: 99.944; train_loss: 0.001; test_loss: 25.719; lr: [0.001]
2022-03-14 21:01:47,023 | INFO : 	 test_acc: 94.41 (best: 94.72 from #162)
2022-03-14 21:06:02,770 | INFO : Epoch #174
2022-03-14 21:06:02,770 | INFO : 	 train_acc: 99.908; train_loss: 0.058; test_loss: 25.779; lr: [0.001]
2022-03-14 21:06:02,770 | INFO : 	 test_acc: 94.26 (best: 94.72 from #162)
2022-03-14 21:10:18,432 | INFO : Epoch #175
2022-03-14 21:10:18,433 | INFO : 	 train_acc: 99.93; train_loss: 0.004; test_loss: 25.829; lr: [0.001]
2022-03-14 21:10:18,433 | INFO : 	 test_acc: 94.19 (best: 94.72 from #162)
2022-03-14 21:14:34,258 | INFO : Epoch #176
2022-03-14 21:14:34,258 | INFO : 	 train_acc: 99.89; train_loss: 0.004; test_loss: 25.732; lr: [0.001]
2022-03-14 21:14:34,259 | INFO : 	 test_acc: 94.24 (best: 94.72 from #162)
2022-03-14 21:18:49,959 | INFO : Epoch #177
2022-03-14 21:18:49,959 | INFO : 	 train_acc: 99.924; train_loss: 0.056; test_loss: 26.058; lr: [0.001]
2022-03-14 21:18:49,960 | INFO : 	 test_acc: 94.39 (best: 94.72 from #162)
2022-03-14 21:23:05,872 | INFO : Epoch #178
2022-03-14 21:23:05,873 | INFO : 	 train_acc: 99.936; train_loss: 0.002; test_loss: 25.534; lr: [0.001]
2022-03-14 21:23:05,873 | INFO : 	 test_acc: 94.47 (best: 94.72 from #162)
2022-03-14 21:27:21,565 | INFO : Epoch #179
2022-03-14 21:27:21,565 | INFO : 	 train_acc: 99.912; train_loss: 0.021; test_loss: 26.178; lr: [0.001]
2022-03-14 21:27:21,565 | INFO : 	 test_acc: 94.31 (best: 94.72 from #162)
2022-03-14 21:31:39,115 | INFO : Epoch #180
2022-03-14 21:31:39,116 | INFO : 	 train_acc: 99.928; train_loss: 0.043; test_loss: 26.596; lr: [0.001]
2022-03-14 21:31:39,116 | INFO : 	 test_acc: 94.14 (best: 94.72 from #162)
2022-03-14 21:35:54,536 | INFO : Epoch #181
2022-03-14 21:35:54,537 | INFO : 	 train_acc: 99.892; train_loss: 0.001; test_loss: 26.313; lr: [0.001]
2022-03-14 21:35:54,537 | INFO : 	 test_acc: 94.13 (best: 94.72 from #162)
2022-03-14 21:40:10,223 | INFO : Epoch #182
2022-03-14 21:40:10,224 | INFO : 	 train_acc: 99.938; train_loss: 0.003; test_loss: 26.708; lr: [0.001]
2022-03-14 21:40:10,224 | INFO : 	 test_acc: 94.2 (best: 94.72 from #162)
2022-03-14 21:44:25,995 | INFO : Epoch #183
2022-03-14 21:44:25,995 | INFO : 	 train_acc: 99.878; train_loss: 0.004; test_loss: 25.542; lr: [0.001]
2022-03-14 21:44:25,995 | INFO : 	 test_acc: 94.25 (best: 94.72 from #162)
2022-03-14 21:48:41,956 | INFO : Epoch #184
2022-03-14 21:48:41,956 | INFO : 	 train_acc: 99.928; train_loss: 0.039; test_loss: 25.906; lr: [0.001]
2022-03-14 21:48:41,956 | INFO : 	 test_acc: 94.3 (best: 94.72 from #162)
2022-03-14 21:52:57,703 | INFO : Epoch #185
2022-03-14 21:52:57,703 | INFO : 	 train_acc: 99.894; train_loss: 0.022; test_loss: 26.599; lr: [0.001]
2022-03-14 21:52:57,703 | INFO : 	 test_acc: 94.09 (best: 94.72 from #162)
2022-03-14 21:57:13,298 | INFO : Epoch #186
2022-03-14 21:57:13,298 | INFO : 	 train_acc: 99.92; train_loss: 0.002; test_loss: 26.252; lr: [0.001]
2022-03-14 21:57:13,298 | INFO : 	 test_acc: 94.19 (best: 94.72 from #162)
2022-03-14 22:01:28,850 | INFO : Epoch #187
2022-03-14 22:01:28,850 | INFO : 	 train_acc: 99.884; train_loss: 0.004; test_loss: 25.644; lr: [0.001]
2022-03-14 22:01:28,850 | INFO : 	 test_acc: 94.19 (best: 94.72 from #162)
2022-03-14 22:05:44,616 | INFO : Epoch #188
2022-03-14 22:05:44,616 | INFO : 	 train_acc: 99.912; train_loss: 0.002; test_loss: 26.387; lr: [0.001]
2022-03-14 22:05:44,616 | INFO : 	 test_acc: 94.33 (best: 94.72 from #162)
2022-03-14 22:10:00,255 | INFO : Epoch #189
2022-03-14 22:10:00,256 | INFO : 	 train_acc: 99.888; train_loss: 0.033; test_loss: 25.322; lr: [0.001]
2022-03-14 22:10:00,256 | INFO : 	 test_acc: 94.4 (best: 94.72 from #162)
2022-03-14 22:14:17,972 | INFO : Epoch #190
2022-03-14 22:14:17,973 | INFO : 	 train_acc: 99.884; train_loss: 0.030; test_loss: 26.468; lr: [0.001]
2022-03-14 22:14:17,973 | INFO : 	 test_acc: 94.01 (best: 94.72 from #162)
2022-03-14 22:18:33,816 | INFO : Epoch #191
2022-03-14 22:18:33,816 | INFO : 	 train_acc: 99.856; train_loss: 0.002; test_loss: 26.177; lr: [0.001]
2022-03-14 22:18:33,817 | INFO : 	 test_acc: 94.35 (best: 94.72 from #162)
2022-03-14 22:22:49,836 | INFO : Epoch #192
2022-03-14 22:22:49,836 | INFO : 	 train_acc: 99.918; train_loss: 0.001; test_loss: 26.187; lr: [0.001]
2022-03-14 22:22:49,836 | INFO : 	 test_acc: 94.24 (best: 94.72 from #162)
2022-03-14 22:27:05,700 | INFO : Epoch #193
2022-03-14 22:27:05,701 | INFO : 	 train_acc: 99.904; train_loss: 0.007; test_loss: 27.237; lr: [0.001]
2022-03-14 22:27:05,701 | INFO : 	 test_acc: 94.19 (best: 94.72 from #162)
2022-03-14 22:31:21,673 | INFO : Epoch #194
2022-03-14 22:31:21,674 | INFO : 	 train_acc: 99.922; train_loss: 0.008; test_loss: 25.694; lr: [0.001]
2022-03-14 22:31:21,674 | INFO : 	 test_acc: 94.52 (best: 94.72 from #162)
2022-03-14 22:35:37,393 | INFO : Epoch #195
2022-03-14 22:35:37,393 | INFO : 	 train_acc: 99.914; train_loss: 0.001; test_loss: 25.760; lr: [0.001]
2022-03-14 22:35:37,393 | INFO : 	 test_acc: 94.56 (best: 94.72 from #162)
2022-03-14 22:39:53,056 | INFO : Epoch #196
2022-03-14 22:39:53,057 | INFO : 	 train_acc: 99.924; train_loss: 0.046; test_loss: 25.689; lr: [0.001]
2022-03-14 22:39:53,057 | INFO : 	 test_acc: 94.39 (best: 94.72 from #162)
2022-03-14 22:44:08,770 | INFO : Epoch #197
2022-03-14 22:44:08,771 | INFO : 	 train_acc: 99.902; train_loss: 0.021; test_loss: 26.740; lr: [0.001]
2022-03-14 22:44:08,771 | INFO : 	 test_acc: 94.03 (best: 94.72 from #162)
2022-03-14 22:48:24,427 | INFO : Epoch #198
2022-03-14 22:48:24,427 | INFO : 	 train_acc: 99.882; train_loss: 0.007; test_loss: 26.524; lr: [0.001]
2022-03-14 22:48:24,428 | INFO : 	 test_acc: 94.38 (best: 94.72 from #162)
2022-03-14 22:52:40,163 | INFO : Epoch #199
2022-03-14 22:52:40,163 | INFO : 	 train_acc: 99.926; train_loss: 0.158; test_loss: 26.562; lr: [0.001]
2022-03-14 22:52:40,164 | INFO : 	 test_acc: 94.21 (best: 94.72 from #162)
2022-03-14 22:56:57,665 | INFO : Epoch #200
2022-03-14 22:56:57,666 | INFO : 	 train_acc: 99.914; train_loss: 0.002; test_loss: 25.207; lr: [0.0001]
2022-03-14 22:56:57,666 | INFO : 	 test_acc: 94.41 (best: 94.72 from #162)
2022-03-14 23:01:13,623 | INFO : Epoch #201
2022-03-14 23:01:13,624 | INFO : 	 train_acc: 99.922; train_loss: 0.002; test_loss: 25.644; lr: [0.0001]
2022-03-14 23:01:13,624 | INFO : 	 test_acc: 94.5 (best: 94.72 from #162)
2022-03-14 23:05:29,459 | INFO : Epoch #202
2022-03-14 23:05:29,460 | INFO : 	 train_acc: 99.944; train_loss: 0.001; test_loss: 25.314; lr: [0.0001]
2022-03-14 23:05:29,460 | INFO : 	 test_acc: 94.57 (best: 94.72 from #162)
2022-03-14 23:09:45,433 | INFO : Epoch #203
2022-03-14 23:09:45,433 | INFO : 	 train_acc: 99.958; train_loss: 0.002; test_loss: 25.304; lr: [0.0001]
2022-03-14 23:09:45,433 | INFO : 	 test_acc: 94.51 (best: 94.72 from #162)
2022-03-14 23:14:01,337 | INFO : Epoch #204
2022-03-14 23:14:01,338 | INFO : 	 train_acc: 99.96; train_loss: 0.003; test_loss: 25.065; lr: [0.0001]
2022-03-14 23:14:01,338 | INFO : 	 test_acc: 94.62 (best: 94.72 from #162)
2022-03-14 23:18:17,321 | INFO : Epoch #205
2022-03-14 23:18:17,321 | INFO : 	 train_acc: 99.948; train_loss: 0.004; test_loss: 25.389; lr: [0.0001]
2022-03-14 23:18:17,322 | INFO : 	 test_acc: 94.53 (best: 94.72 from #162)
2022-03-14 23:22:33,139 | INFO : Epoch #206
2022-03-14 23:22:33,140 | INFO : 	 train_acc: 99.94; train_loss: 0.042; test_loss: 25.656; lr: [0.0001]
2022-03-14 23:22:33,140 | INFO : 	 test_acc: 94.47 (best: 94.72 from #162)
2022-03-14 23:26:48,707 | INFO : Epoch #207
2022-03-14 23:26:48,708 | INFO : 	 train_acc: 99.978; train_loss: 0.022; test_loss: 25.135; lr: [0.0001]
2022-03-14 23:26:48,708 | INFO : 	 test_acc: 94.62 (best: 94.72 from #162)
2022-03-14 23:31:05,048 | INFO : Epoch #208
2022-03-14 23:31:05,048 | INFO : 	 train_acc: 99.972; train_loss: 0.012; test_loss: 25.576; lr: [0.0001]
2022-03-14 23:31:05,048 | INFO : 	 test_acc: 94.44 (best: 94.72 from #162)
2022-03-14 23:35:20,611 | INFO : Epoch #209
2022-03-14 23:35:20,612 | INFO : 	 train_acc: 99.944; train_loss: 0.002; test_loss: 25.174; lr: [0.0001]
2022-03-14 23:35:20,612 | INFO : 	 test_acc: 94.54 (best: 94.72 from #162)
2022-03-14 23:39:38,369 | INFO : Epoch #210
2022-03-14 23:39:38,370 | INFO : 	 train_acc: 99.974; train_loss: 0.047; test_loss: 25.433; lr: [0.0001]
2022-03-14 23:39:38,370 | INFO : 	 test_acc: 94.52 (best: 94.72 from #162)
2022-03-14 23:43:54,252 | INFO : Epoch #211
2022-03-14 23:43:54,253 | INFO : 	 train_acc: 99.966; train_loss: 0.137; test_loss: 25.113; lr: [0.0001]
2022-03-14 23:43:54,253 | INFO : 	 test_acc: 94.49 (best: 94.72 from #162)
2022-03-14 23:48:10,006 | INFO : Epoch #212
2022-03-14 23:48:10,006 | INFO : 	 train_acc: 99.97; train_loss: 0.003; test_loss: 25.153; lr: [0.0001]
2022-03-14 23:48:10,006 | INFO : 	 test_acc: 94.46 (best: 94.72 from #162)
2022-03-14 23:52:25,753 | INFO : Epoch #213
2022-03-14 23:52:25,754 | INFO : 	 train_acc: 99.962; train_loss: 0.003; test_loss: 25.376; lr: [0.0001]
2022-03-14 23:52:25,754 | INFO : 	 test_acc: 94.53 (best: 94.72 from #162)
2022-03-14 23:56:41,474 | INFO : Epoch #214
2022-03-14 23:56:41,475 | INFO : 	 train_acc: 99.976; train_loss: 0.002; test_loss: 25.082; lr: [0.0001]
2022-03-14 23:56:41,475 | INFO : 	 test_acc: 94.51 (best: 94.72 from #162)
2022-03-15 00:00:57,215 | INFO : Epoch #215
2022-03-15 00:00:57,216 | INFO : 	 train_acc: 99.942; train_loss: 0.002; test_loss: 25.108; lr: [0.0001]
2022-03-15 00:00:57,216 | INFO : 	 test_acc: 94.54 (best: 94.72 from #162)
2022-03-15 00:05:13,009 | INFO : Epoch #216
2022-03-15 00:05:13,010 | INFO : 	 train_acc: 99.978; train_loss: 0.004; test_loss: 25.230; lr: [0.0001]
2022-03-15 00:05:13,010 | INFO : 	 test_acc: 94.51 (best: 94.72 from #162)
2022-03-15 00:09:28,709 | INFO : Epoch #217
2022-03-15 00:09:28,709 | INFO : 	 train_acc: 99.976; train_loss: 0.003; test_loss: 25.109; lr: [0.0001]
2022-03-15 00:09:28,709 | INFO : 	 test_acc: 94.5 (best: 94.72 from #162)
2022-03-15 00:13:44,616 | INFO : Epoch #218
2022-03-15 00:13:44,617 | INFO : 	 train_acc: 99.978; train_loss: 0.001; test_loss: 25.290; lr: [0.0001]
2022-03-15 00:13:44,617 | INFO : 	 test_acc: 94.59 (best: 94.72 from #162)
2022-03-15 00:18:00,295 | INFO : Epoch #219
2022-03-15 00:18:00,295 | INFO : 	 train_acc: 99.982; train_loss: 0.128; test_loss: 25.375; lr: [0.0001]
2022-03-15 00:18:00,296 | INFO : 	 test_acc: 94.52 (best: 94.72 from #162)
2022-03-15 00:22:18,459 | INFO : Epoch #220
2022-03-15 00:22:18,459 | INFO : 	 train_acc: 99.96; train_loss: 0.005; test_loss: 25.085; lr: [0.0001]
2022-03-15 00:22:18,460 | INFO : 	 test_acc: 94.59 (best: 94.72 from #162)
2022-03-15 00:26:34,052 | INFO : Epoch #221
2022-03-15 00:26:34,053 | INFO : 	 train_acc: 99.972; train_loss: 0.010; test_loss: 25.153; lr: [0.0001]
2022-03-15 00:26:34,053 | INFO : 	 test_acc: 94.53 (best: 94.72 from #162)
2022-03-15 00:30:49,983 | INFO : Epoch #222
2022-03-15 00:30:49,983 | INFO : 	 train_acc: 99.984; train_loss: 0.008; test_loss: 24.871; lr: [0.0001]
2022-03-15 00:30:49,984 | INFO : 	 test_acc: 94.48 (best: 94.72 from #162)
2022-03-15 00:35:05,788 | INFO : Epoch #223
2022-03-15 00:35:05,789 | INFO : 	 train_acc: 99.984; train_loss: 0.002; test_loss: 25.082; lr: [0.0001]
2022-03-15 00:35:05,789 | INFO : 	 test_acc: 94.65 (best: 94.72 from #162)
2022-03-15 00:39:22,080 | INFO : Epoch #224
2022-03-15 00:39:22,081 | INFO : 	 train_acc: 99.978; train_loss: 0.003; test_loss: 24.713; lr: [0.0001]
2022-03-15 00:39:22,081 | INFO : 	 test_acc: 94.52 (best: 94.72 from #162)
2022-03-15 00:43:37,843 | INFO : Epoch #225
2022-03-15 00:43:37,844 | INFO : 	 train_acc: 99.974; train_loss: 0.016; test_loss: 24.943; lr: [0.0001]
2022-03-15 00:43:37,844 | INFO : 	 test_acc: 94.59 (best: 94.72 from #162)
2022-03-15 00:47:53,704 | INFO : Epoch #226
2022-03-15 00:47:53,705 | INFO : 	 train_acc: 99.98; train_loss: 0.014; test_loss: 24.881; lr: [0.0001]
2022-03-15 00:47:53,705 | INFO : 	 test_acc: 94.74 (best: 94.74 from #226)
2022-03-15 00:52:09,503 | INFO : Epoch #227
2022-03-15 00:52:09,504 | INFO : 	 train_acc: 99.98; train_loss: 0.001; test_loss: 24.963; lr: [0.0001]
2022-03-15 00:52:09,504 | INFO : 	 test_acc: 94.62 (best: 94.74 from #226)
2022-03-15 00:56:25,411 | INFO : Epoch #228
2022-03-15 00:56:25,411 | INFO : 	 train_acc: 99.978; train_loss: 0.006; test_loss: 25.214; lr: [0.0001]
2022-03-15 00:56:25,412 | INFO : 	 test_acc: 94.58 (best: 94.74 from #226)
2022-03-15 01:00:41,024 | INFO : Epoch #229
2022-03-15 01:00:41,025 | INFO : 	 train_acc: 99.972; train_loss: 0.221; test_loss: 25.331; lr: [0.0001]
2022-03-15 01:00:41,025 | INFO : 	 test_acc: 94.49 (best: 94.74 from #226)
2022-03-15 01:04:58,832 | INFO : Epoch #230
2022-03-15 01:04:58,832 | INFO : 	 train_acc: 99.976; train_loss: 0.002; test_loss: 25.112; lr: [0.0001]
2022-03-15 01:04:58,833 | INFO : 	 test_acc: 94.62 (best: 94.74 from #226)
2022-03-15 01:09:14,518 | INFO : Epoch #231
2022-03-15 01:09:14,519 | INFO : 	 train_acc: 99.982; train_loss: 0.060; test_loss: 25.337; lr: [0.0001]
2022-03-15 01:09:14,519 | INFO : 	 test_acc: 94.44 (best: 94.74 from #226)
2022-03-15 01:13:30,501 | INFO : Epoch #232
2022-03-15 01:13:30,501 | INFO : 	 train_acc: 99.956; train_loss: 0.011; test_loss: 24.720; lr: [0.0001]
2022-03-15 01:13:30,502 | INFO : 	 test_acc: 94.65 (best: 94.74 from #226)
2022-03-15 01:17:46,172 | INFO : Epoch #233
2022-03-15 01:17:46,173 | INFO : 	 train_acc: 99.976; train_loss: 0.001; test_loss: 25.314; lr: [0.0001]
2022-03-15 01:17:46,173 | INFO : 	 test_acc: 94.62 (best: 94.74 from #226)
2022-03-15 01:22:02,240 | INFO : Epoch #234
2022-03-15 01:22:02,241 | INFO : 	 train_acc: 99.974; train_loss: 0.003; test_loss: 24.883; lr: [0.0001]
2022-03-15 01:22:02,241 | INFO : 	 test_acc: 94.57 (best: 94.74 from #226)
2022-03-15 01:26:18,064 | INFO : Epoch #235
2022-03-15 01:26:18,065 | INFO : 	 train_acc: 99.968; train_loss: 0.001; test_loss: 25.106; lr: [0.0001]
2022-03-15 01:26:18,065 | INFO : 	 test_acc: 94.58 (best: 94.74 from #226)
2022-03-15 01:30:33,910 | INFO : Epoch #236
2022-03-15 01:30:33,910 | INFO : 	 train_acc: 99.97; train_loss: 0.004; test_loss: 25.165; lr: [0.0001]
2022-03-15 01:30:33,910 | INFO : 	 test_acc: 94.56 (best: 94.74 from #226)
2022-03-15 01:34:49,507 | INFO : Epoch #237
2022-03-15 01:34:49,507 | INFO : 	 train_acc: 99.98; train_loss: 0.015; test_loss: 24.845; lr: [0.0001]
2022-03-15 01:34:49,507 | INFO : 	 test_acc: 94.61 (best: 94.74 from #226)
2022-03-15 01:39:05,422 | INFO : Epoch #238
2022-03-15 01:39:05,423 | INFO : 	 train_acc: 99.974; train_loss: 0.020; test_loss: 24.968; lr: [0.0001]
2022-03-15 01:39:05,423 | INFO : 	 test_acc: 94.62 (best: 94.74 from #226)
2022-03-15 01:43:21,340 | INFO : Epoch #239
2022-03-15 01:43:21,340 | INFO : 	 train_acc: 99.966; train_loss: 0.047; test_loss: 25.140; lr: [0.0001]
2022-03-15 01:43:21,341 | INFO : 	 test_acc: 94.53 (best: 94.74 from #226)
2022-03-15 01:47:39,084 | INFO : Epoch #240
2022-03-15 01:47:39,085 | INFO : 	 train_acc: 99.972; train_loss: 0.010; test_loss: 25.210; lr: [0.0001]
2022-03-15 01:47:39,085 | INFO : 	 test_acc: 94.44 (best: 94.74 from #226)
2022-03-15 01:51:54,990 | INFO : Epoch #241
2022-03-15 01:51:54,990 | INFO : 	 train_acc: 99.98; train_loss: 0.001; test_loss: 25.244; lr: [0.0001]
2022-03-15 01:51:54,990 | INFO : 	 test_acc: 94.63 (best: 94.74 from #226)
2022-03-15 01:56:11,307 | INFO : Epoch #242
2022-03-15 01:56:11,308 | INFO : 	 train_acc: 99.972; train_loss: 0.071; test_loss: 25.354; lr: [0.0001]
2022-03-15 01:56:11,308 | INFO : 	 test_acc: 94.49 (best: 94.74 from #226)
2022-03-15 02:00:27,026 | INFO : Epoch #243
2022-03-15 02:00:27,026 | INFO : 	 train_acc: 99.984; train_loss: 0.002; test_loss: 25.265; lr: [0.0001]
2022-03-15 02:00:27,026 | INFO : 	 test_acc: 94.65 (best: 94.74 from #226)
2022-03-15 02:04:42,822 | INFO : Epoch #244
2022-03-15 02:04:42,822 | INFO : 	 train_acc: 99.984; train_loss: 0.001; test_loss: 24.851; lr: [0.0001]
2022-03-15 02:04:42,822 | INFO : 	 test_acc: 94.61 (best: 94.74 from #226)
2022-03-15 02:08:58,403 | INFO : Epoch #245
2022-03-15 02:08:58,404 | INFO : 	 train_acc: 99.968; train_loss: 0.002; test_loss: 25.146; lr: [0.0001]
2022-03-15 02:08:58,404 | INFO : 	 test_acc: 94.48 (best: 94.74 from #226)
2022-03-15 02:13:14,200 | INFO : Epoch #246
2022-03-15 02:13:14,200 | INFO : 	 train_acc: 99.976; train_loss: 0.017; test_loss: 25.514; lr: [0.0001]
2022-03-15 02:13:14,201 | INFO : 	 test_acc: 94.59 (best: 94.74 from #226)
2022-03-15 02:17:30,061 | INFO : Epoch #247
2022-03-15 02:17:30,061 | INFO : 	 train_acc: 99.98; train_loss: 0.002; test_loss: 24.799; lr: [0.0001]
2022-03-15 02:17:30,061 | INFO : 	 test_acc: 94.51 (best: 94.74 from #226)
2022-03-15 02:21:45,926 | INFO : Epoch #248
2022-03-15 02:21:45,926 | INFO : 	 train_acc: 99.978; train_loss: 0.097; test_loss: 25.122; lr: [0.0001]
2022-03-15 02:21:45,927 | INFO : 	 test_acc: 94.6 (best: 94.74 from #226)
2022-03-15 02:26:01,775 | INFO : Epoch #249
2022-03-15 02:26:01,776 | INFO : 	 train_acc: 99.98; train_loss: 0.002; test_loss: 24.747; lr: [0.0001]
2022-03-15 02:26:01,776 | INFO : 	 test_acc: 94.53 (best: 94.74 from #226)
2022-03-15 02:30:19,608 | INFO : Epoch #250
2022-03-15 02:30:19,608 | INFO : 	 train_acc: 99.972; train_loss: 0.002; test_loss: 25.138; lr: [0.0001]
2022-03-15 02:30:19,608 | INFO : 	 test_acc: 94.6 (best: 94.74 from #226)
2022-03-15 02:34:35,041 | INFO : Epoch #251
2022-03-15 02:34:35,041 | INFO : 	 train_acc: 99.984; train_loss: 0.005; test_loss: 25.042; lr: [0.0001]
2022-03-15 02:34:35,041 | INFO : 	 test_acc: 94.58 (best: 94.74 from #226)
2022-03-15 02:38:50,880 | INFO : Epoch #252
2022-03-15 02:38:50,880 | INFO : 	 train_acc: 99.97; train_loss: 0.005; test_loss: 24.818; lr: [0.0001]
2022-03-15 02:38:50,880 | INFO : 	 test_acc: 94.6 (best: 94.74 from #226)
2022-03-15 02:43:06,540 | INFO : Epoch #253
2022-03-15 02:43:06,540 | INFO : 	 train_acc: 99.988; train_loss: 0.003; test_loss: 25.060; lr: [0.0001]
2022-03-15 02:43:06,540 | INFO : 	 test_acc: 94.51 (best: 94.74 from #226)
2022-03-15 02:47:22,374 | INFO : Epoch #254
2022-03-15 02:47:22,375 | INFO : 	 train_acc: 99.978; train_loss: 0.001; test_loss: 25.009; lr: [0.0001]
2022-03-15 02:47:22,375 | INFO : 	 test_acc: 94.5 (best: 94.74 from #226)
2022-03-15 02:51:37,865 | INFO : Epoch #255
2022-03-15 02:51:37,865 | INFO : 	 train_acc: 99.974; train_loss: 0.002; test_loss: 24.792; lr: [0.0001]
2022-03-15 02:51:37,865 | INFO : 	 test_acc: 94.54 (best: 94.74 from #226)
2022-03-15 02:55:53,735 | INFO : Epoch #256
2022-03-15 02:55:53,735 | INFO : 	 train_acc: 99.982; train_loss: 0.001; test_loss: 24.717; lr: [0.0001]
2022-03-15 02:55:53,736 | INFO : 	 test_acc: 94.55 (best: 94.74 from #226)
2022-03-15 03:00:09,415 | INFO : Epoch #257
2022-03-15 03:00:09,416 | INFO : 	 train_acc: 99.984; train_loss: 0.004; test_loss: 24.598; lr: [0.0001]
2022-03-15 03:00:09,416 | INFO : 	 test_acc: 94.58 (best: 94.74 from #226)
2022-03-15 03:04:25,415 | INFO : Epoch #258
2022-03-15 03:04:25,416 | INFO : 	 train_acc: 99.992; train_loss: 0.002; test_loss: 24.839; lr: [0.0001]
2022-03-15 03:04:25,416 | INFO : 	 test_acc: 94.51 (best: 94.74 from #226)
